#
# There is insufficient memory for the Java Runtime Environment to continue.
# Native memory allocation (mmap) failed to map 1048576 bytes for G1 virtual space
# Possible reasons:
#   The system is out of physical RAM or swap space
#   The process is running with CompressedOops enabled, and the Java Heap may be blocking the growth of the native heap
# Possible solutions:
#   Reduce memory load on the system
#   Increase physical memory or swap space
#   Check if swap backing store is full
#   Decrease Java heap size (-Xmx/-Xms)
#   Decrease number of Java threads
#   Decrease Java thread stack sizes (-Xss)
#   Set larger code cache with -XX:ReservedCodeCacheSize=
#   JVM is running with Unscaled Compressed Oops mode in which the Java heap is
#     placed in the first 4GB address space. The Java Heap base address is the
#     maximum limit for the native heap growth. Please use -XX:HeapBaseMinAddress
#     to set the Java Heap base and to place the Java Heap above 4GB virtual address.
# This output file may be truncated or incomplete.
#
#  Out of Memory Error (os_windows.cpp:3600), pid=29868, tid=28828
#
# JRE version: Java(TM) SE Runtime Environment (21.0.1+12) (build 21.0.1+12-LTS-29)
# Java VM: Java HotSpot(TM) 64-Bit Server VM (21.0.1+12-LTS-29, mixed mode, sharing, tiered, compressed oops, compressed class ptrs, g1 gc, windows-amd64)
# No core dump will be written. Minidumps are not enabled by default on client versions of Windows
#

---------------  S U M M A R Y ------------

Command Line: -ea -Dfile.encoding=UTF-8 -Dstdout.encoding=UTF-8 -Dstderr.encoding=UTF-8 -XX:+ShowCodeDetailsInExceptionMessages org.testng.remote.RemoteTestNG -serport 53175 -protocol json -d D:\Trio_Tree_Automation_project_03-06-2025\HIS_WebAutomation_Project\test-output C:\Users\ANUP~1.DES\AppData\Local\Temp\testng-eclipse--986006447\testng-customsuite.xml

Host: 12th Gen Intel(R) Core(TM) i3-1215U, 8 cores, 7G,  Windows 11 , 64 bit Build 26100 (10.0.26100.8246)
Time: Mon Apr 27 16:30:43 2026 India Standard Time elapsed time: 44.980113 seconds (0d 0h 0m 44s)

---------------  T H R E A D  ---------------

Current thread (0x0000015ed65aca30):  WorkerThread "GC Thread#1"    [id=28828, stack(0x0000001d08f00000,0x0000001d09000000) (1024K)]

Stack: [0x0000001d08f00000,0x0000001d09000000]
Native frames: (J=compiled Java code, j=interpreted, Vv=VM code, C=native code)
V  [jvm.dll+0x6c9029]
V  [jvm.dll+0x854b81]
V  [jvm.dll+0x856e5e]
V  [jvm.dll+0x857543]
V  [jvm.dll+0x280c06]
V  [jvm.dll+0x6c5715]
V  [jvm.dll+0x6ba10a]
V  [jvm.dll+0x3557ea]
V  [jvm.dll+0x35d436]
V  [jvm.dll+0x3adebb]
V  [jvm.dll+0x3ae554]
V  [jvm.dll+0x3ae61d]
V  [jvm.dll+0x32a84c]
V  [jvm.dll+0x32a5a5]
V  [jvm.dll+0x31b086]
V  [jvm.dll+0x31beaa]
V  [jvm.dll+0x31c2a7]
V  [jvm.dll+0x31bd0e]
V  [jvm.dll+0x357656]
V  [jvm.dll+0x3579c3]
V  [jvm.dll+0x358b1a]
V  [jvm.dll+0x3551fe]
V  [jvm.dll+0x3622cb]
V  [jvm.dll+0x363f69]
V  [jvm.dll+0x36279a]
V  [jvm.dll+0x363be1]
V  [jvm.dll+0x36e023]
V  [jvm.dll+0x36e16b]
V  [jvm.dll+0x881f77]
V  [jvm.dll+0x7fd728]
V  [jvm.dll+0x6c777d]
C  [ucrtbase.dll+0x37b0]
C  [KERNEL32.DLL+0x2e8d7]
C  [ntdll.dll+0x8c3fc]


---------------  P R O C E S S  ---------------

Threads class SMR info:
_java_thread_list=0x0000015f1cf266a0, length=29, elements={
0x0000015eb7a53ba0, 0x0000015ed65cf2e0, 0x0000015ed65cfd40, 0x0000015ed65d28e0,
0x0000015ed65d5850, 0x0000015ed65d46e0, 0x0000015ed65e45b0, 0x0000015ed65e4f50,
0x0000015ed65d9550, 0x0000015ed688fcb0, 0x0000015ed6893130, 0x0000015ed6891d80,
0x0000015ed6890340, 0x0000015ed68909d0, 0x0000015ed6891060, 0x0000015ed6892aa0,
0x0000015ed68916f0, 0x0000015f1d1aca90, 0x0000015f1d1af1f0, 0x0000015f1d1af880,
0x0000015f1d1aff10, 0x0000015f1d1ad7b0, 0x0000015f1d1b05a0, 0x0000015f1d1ade40,
0x0000015f1d1aeb60, 0x0000015f1d1b1950, 0x0000015f1d1ae4d0, 0x0000015f1d1b1fe0,
0x0000015f1d1b2670
}

Java Threads: ( => current thread )
  0x0000015eb7a53ba0 JavaThread "Forwarding screenshot on session e60d72def559b5efe00f44a5d876b1e5 to remote"        [_thread_blocked, id=24016, stack(0x0000001d07c00000,0x0000001d07d00000) (1024K)]
  0x0000015ed65cf2e0 JavaThread "Reference Handler"          daemon [_thread_blocked, id=22360, stack(0x0000001d08400000,0x0000001d08500000) (1024K)]
  0x0000015ed65cfd40 JavaThread "Finalizer"                  daemon [_thread_blocked, id=10704, stack(0x0000001d08500000,0x0000001d08600000) (1024K)]
  0x0000015ed65d28e0 JavaThread "Signal Dispatcher"          daemon [_thread_blocked, id=5480, stack(0x0000001d08600000,0x0000001d08700000) (1024K)]
  0x0000015ed65d5850 JavaThread "Attach Listener"            daemon [_thread_blocked, id=18480, stack(0x0000001d08700000,0x0000001d08800000) (1024K)]
  0x0000015ed65d46e0 JavaThread "Service Thread"             daemon [_thread_blocked, id=33944, stack(0x0000001d08800000,0x0000001d08900000) (1024K)]
  0x0000015ed65e45b0 JavaThread "Monitor Deflation Thread"   daemon [_thread_blocked, id=30364, stack(0x0000001d08900000,0x0000001d08a00000) (1024K)]
  0x0000015ed65e4f50 JavaThread "C2 CompilerThread0"         daemon [_thread_blocked, id=29604, stack(0x0000001d08a00000,0x0000001d08b00000) (1024K)]
  0x0000015ed65d9550 JavaThread "C1 CompilerThread0"         daemon [_thread_blocked, id=19208, stack(0x0000001d08b00000,0x0000001d08c00000) (1024K)]
  0x0000015ed688fcb0 JavaThread "Notification Thread"        daemon [_thread_blocked, id=26888, stack(0x0000001d08c00000,0x0000001d08d00000) (1024K)]
  0x0000015ed6893130 JavaThread "Common-Cleaner"             daemon [_thread_blocked, id=20180, stack(0x0000001d08d00000,0x0000001d08e00000) (1024K)]
  0x0000015ed6891d80 JavaThread "ReaderThread"                      [_thread_in_native, id=7328, stack(0x0000001d09500000,0x0000001d09600000) (1024K)]
  0x0000015ed6890340 JavaThread "ForkJoinPool.commonPool-worker-1" daemon [_thread_blocked, id=18528, stack(0x0000001d09600000,0x0000001d09700000) (1024K)]
  0x0000015ed68909d0 JavaThread "ForkJoinPool.commonPool-worker-2" daemon [_thread_blocked, id=21008, stack(0x0000001d09700000,0x0000001d09800000) (1024K)]
  0x0000015ed6891060 JavaThread "HttpClient-1-SelectorManager" daemon [_thread_blocked, id=23544, stack(0x0000001d09c00000,0x0000001d09d00000) (1024K)]
  0x0000015ed6892aa0 JavaThread "External Process Output Forwarder - C:\Users\Anup.DESKTOP-V88DC5U\.cache\selenium\chromedriver\win64\147.0.7727.117\chromedriver.exe" daemon [_thread_in_native, id=30332, stack(0x0000001d09d00000,0x0000001d09e00000) (1024K)]
  0x0000015ed68916f0 JavaThread "Driver Service Executor"    daemon [_thread_blocked, id=16832, stack(0x0000001d09e00000,0x0000001d09f00000) (1024K)]
  0x0000015f1d1aca90 JavaThread "Driver Service Executor"    daemon [_thread_blocked, id=4756, stack(0x0000001d09f00000,0x0000001d0a000000) (1024K)]
  0x0000015f1d1af1f0 JavaThread "UrlChecker-2"               daemon [_thread_blocked, id=32784, stack(0x0000001d0a000000,0x0000001d0a100000) (1024K)]
  0x0000015f1d1af880 JavaThread "JdkHttpClient-0-0"          daemon [_thread_blocked, id=20316, stack(0x0000001d09300000,0x0000001d09400000) (1024K)]
  0x0000015f1d1aff10 JavaThread "CompletableFutureDelayScheduler" daemon [_thread_blocked, id=4980, stack(0x0000001d0a100000,0x0000001d0a200000) (1024K)]
  0x0000015f1d1ad7b0 JavaThread "JdkHttpClient-0-1"          daemon [_thread_blocked, id=7972, stack(0x0000001d0a200000,0x0000001d0a300000) (1024K)]
  0x0000015f1d1b05a0 JavaThread "JdkHttpClient-0-2"          daemon [_thread_blocked, id=16172, stack(0x0000001d0a300000,0x0000001d0a400000) (1024K)]
  0x0000015f1d1ade40 JavaThread "JdkHttpClient-0-3"          daemon [_thread_blocked, id=1020, stack(0x0000001d0a400000,0x0000001d0a500000) (1024K)]
  0x0000015f1d1aeb60 JavaThread "HttpClient-2-SelectorManager" daemon [_thread_blocked, id=26296, stack(0x0000001d0a500000,0x0000001d0a600000) (1024K)]
  0x0000015f1d1b1950 JavaThread "JdkHttpClient-1-0"          daemon [_thread_blocked, id=32088, stack(0x0000001d0a600000,0x0000001d0a700000) (1024K)]
  0x0000015f1d1ae4d0 JavaThread "JdkHttpClient-1-1"          daemon [_thread_blocked, id=16472, stack(0x0000001d0a700000,0x0000001d0a800000) (1024K)]
  0x0000015f1d1b1fe0 JavaThread "JdkHttpClient-1-2"          daemon [_thread_blocked, id=24268, stack(0x0000001d0a800000,0x0000001d0a900000) (1024K)]
  0x0000015f1d1b2670 JavaThread "JdkHttpClient-1-3"          daemon [_thread_blocked, id=27196, stack(0x0000001d0a900000,0x0000001d0aa00000) (1024K)]
Total: 29

Other Threads:
  0x0000015ed65abbb0 VMThread "VM Thread"                           [id=26836, stack(0x0000001d08300000,0x0000001d08400000) (1024K)]
  0x0000015ed6595070 WatcherThread "VM Periodic Task Thread"        [id=4148, stack(0x0000001d08200000,0x0000001d08300000) (1024K)]
  0x0000015eb9def680 WorkerThread "GC Thread#0"                     [id=29424, stack(0x0000001d07d00000,0x0000001d07e00000) (1024K)]
=>0x0000015ed65aca30 WorkerThread "GC Thread#1"                     [id=28828, stack(0x0000001d08f00000,0x0000001d09000000) (1024K)]
  0x0000015ed65ab0d0 WorkerThread "GC Thread#2"                     [id=11384, stack(0x0000001d09000000,0x0000001d09100000) (1024K)]
  0x0000015ed65ab470 WorkerThread "GC Thread#3"                     [id=22096, stack(0x0000001d09100000,0x0000001d09200000) (1024K)]
  0x0000015ed65ab810 WorkerThread "GC Thread#4"                     [id=19280, stack(0x0000001d09200000,0x0000001d09300000) (1024K)]
  0x0000015f1cc1c020 WorkerThread "GC Thread#5"                     [id=22844, stack(0x0000001d09800000,0x0000001d09900000) (1024K)]
  0x0000015f1cc19f80 WorkerThread "GC Thread#6"                     [id=27924, stack(0x0000001d09900000,0x0000001d09a00000) (1024K)]
  0x0000015f1cc1c3c0 WorkerThread "GC Thread#7"                     [id=33468, stack(0x0000001d09a00000,0x0000001d09b00000) (1024K)]
  0x0000015eb9e00b80 ConcurrentGCThread "G1 Main Marker"            [id=34348, stack(0x0000001d07e00000,0x0000001d07f00000) (1024K)]
  0x0000015eb9e04210 WorkerThread "G1 Conc#0"                       [id=32548, stack(0x0000001d07f00000,0x0000001d08000000) (1024K)]
  0x0000015f1cc1b8e0 WorkerThread "G1 Conc#1"                       [id=34316, stack(0x0000001d09b00000,0x0000001d09c00000) (1024K)]
  0x0000015ed646c1a0 ConcurrentGCThread "G1 Refine#0"               [id=34472, stack(0x0000001d08000000,0x0000001d08100000) (1024K)]
  0x0000015ed646c9c0 ConcurrentGCThread "G1 Service"                [id=24596, stack(0x0000001d08100000,0x0000001d08200000) (1024K)]
Total: 15

Threads with active compile tasks:
C1 CompilerThread0    45038 3498   !   3       java.util.concurrent.SynchronousQueue$TransferStack::transfer (541 bytes)
Total: 1

VM state: at safepoint (normal execution)

VM Mutex/Monitor currently owned by a thread:  ([mutex/lock_event])
[0x00007ffada9e8078] FreeList_lock - owner thread: 0x0000015ed65aca30
[0x00007ffada9ea5f8] Threads_lock - owner thread: 0x0000015ed65abbb0
[0x00007ffada9ea6f8] Heap_lock - owner thread: 0x0000015ed6891060

Heap address: 0x0000000085000000, size: 1968 MB, Compressed Oops mode: 32-bit

CDS archive(s) mapped at: [0x0000015ed7000000-0x0000015ed7c90000-0x0000015ed7c90000), size 13172736, SharedBaseAddress: 0x0000015ed7000000, ArchiveRelocationMode: 1.
Compressed class space mapped at: 0x0000015ed8000000-0x0000015f18000000, reserved size: 1073741824
Narrow klass base: 0x0000015ed7000000, Narrow klass shift: 0, Narrow klass range: 0x100000000

GC Precious Log:
 CardTable entry size: 512
 Card Set container configuration: InlinePtr #cards 5 size 8 Array Of Cards #cards 12 size 40 Howl #buckets 4 coarsen threshold 1843 Howl Bitmap #cards 512 size 80 coarsen threshold 460 Card regions per heap region 1 cards per card region 2048
 CPUs: 8 total, 8 available
 Memory: 7865M
 Large Page Support: Disabled
 NUMA Support: Disabled
 Compressed Oops: Enabled (32-bit)
 Heap Region Size: 1M
 Heap Min Capacity: 8M
 Heap Initial Capacity: 124M
 Heap Max Capacity: 1968M
 Pre-touch: Disabled
 Parallel Workers: 8
 Concurrent Workers: 2
 Concurrent Refinement Workers: 8
 Periodic GC: Disabled

Heap:
 garbage-first heap   total 75776K, used 69687K [0x0000000085000000, 0x0000000100000000)
  region size 1024K, 25 young (25600K), 2 survivors (2048K)
 Metaspace       used 27479K, committed 27968K, reserved 1114112K
  class space    used 3264K, committed 3520K, reserved 1048576K

Heap Regions: E=young(eden), S=young(survivor), O=old, HS=humongous(starts), HC=humongous(continues), CS=collection set, F=free, TAMS=top-at-mark-start, PB=parsable bottom
|   0|0x0000000085000000, 0x0000000085100000, 0x0000000085100000|100%|HS|  |TAMS 0x0000000085000000| PB 0x0000000085000000| Complete 
|   1|0x0000000085100000, 0x0000000085200000, 0x0000000085200000|100%| O|  |TAMS 0x0000000085100000| PB 0x0000000085100000| Untracked 
|   2|0x0000000085200000, 0x0000000085300000, 0x0000000085300000|100%| O|  |TAMS 0x0000000085200000| PB 0x0000000085200000| Untracked 
|   3|0x0000000085300000, 0x0000000085400000, 0x0000000085400000|100%| O|  |TAMS 0x0000000085300000| PB 0x0000000085300000| Untracked 
|   4|0x0000000085400000, 0x0000000085500000, 0x0000000085500000|100%| O|  |TAMS 0x0000000085400000| PB 0x0000000085400000| Untracked 
|   5|0x0000000085500000, 0x0000000085600000, 0x0000000085600000|100%| O|  |TAMS 0x0000000085500000| PB 0x0000000085500000| Untracked 
|   6|0x0000000085600000, 0x0000000085700000, 0x0000000085700000|100%| O|  |TAMS 0x0000000085600000| PB 0x0000000085600000| Untracked 
|   7|0x0000000085700000, 0x0000000085800000, 0x0000000085800000|100%| O|  |TAMS 0x0000000085700000| PB 0x0000000085700000| Untracked 
|   8|0x0000000085800000, 0x0000000085900000, 0x0000000085900000|100%| O|  |TAMS 0x0000000085800000| PB 0x0000000085800000| Untracked 
|   9|0x0000000085900000, 0x0000000085a00000, 0x0000000085a00000|100%| O|  |TAMS 0x0000000085900000| PB 0x0000000085900000| Untracked 
|  10|0x0000000085a00000, 0x0000000085a0ddb0, 0x0000000085b00000|  5%| O|Cm|TAMS 0x0000000085a00000| PB 0x0000000085a00000| Complete 
|  11|0x0000000085b00000, 0x0000000085c00000, 0x0000000085c00000|100%|HS|  |TAMS 0x0000000085b00000| PB 0x0000000085b00000| Complete 
|  12|0x0000000085c00000, 0x0000000085d00000, 0x0000000085d00000|100%|HS|  |TAMS 0x0000000085c00000| PB 0x0000000085c00000| Complete 
|  13|0x0000000085d00000, 0x0000000085e00000, 0x0000000085e00000|100%|HS|  |TAMS 0x0000000085d00000| PB 0x0000000085d00000| Complete 
|  14|0x0000000085e00000, 0x0000000085f00000, 0x0000000085f00000|100%|HS|  |TAMS 0x0000000085e00000| PB 0x0000000085e00000| Complete 
|  15|0x0000000085f00000, 0x0000000086000000, 0x0000000086000000|100%|HS|  |TAMS 0x0000000085f00000| PB 0x0000000085f00000| Complete 
|  16|0x0000000086000000, 0x0000000086100000, 0x0000000086100000|100%|HS|  |TAMS 0x0000000086000000| PB 0x0000000086000000| Complete 
|  17|0x0000000086100000, 0x0000000086200000, 0x0000000086200000|100%|HC|  |TAMS 0x0000000086100000| PB 0x0000000086100000| Complete 
|  18|0x0000000086200000, 0x0000000086300000, 0x0000000086300000|100%|HS|  |TAMS 0x0000000086200000| PB 0x0000000086200000| Complete 
|  19|0x0000000086300000, 0x0000000086400000, 0x0000000086400000|100%|HS|  |TAMS 0x0000000086300000| PB 0x0000000086300000| Complete 
|  20|0x0000000086400000, 0x0000000086500000, 0x0000000086500000|100%|HS|  |TAMS 0x0000000086400000| PB 0x0000000086400000| Complete 
|  21|0x0000000086500000, 0x0000000086600000, 0x0000000086600000|100%|HS|  |TAMS 0x0000000086500000| PB 0x0000000086500000| Complete 
|  22|0x0000000086600000, 0x0000000086700000, 0x0000000086700000|100%|HS|  |TAMS 0x0000000086600000| PB 0x0000000086600000| Complete 
|  23|0x0000000086700000, 0x0000000086800000, 0x0000000086800000|100%|HS|  |TAMS 0x0000000086700000| PB 0x0000000086700000| Complete 
|  24|0x0000000086800000, 0x0000000086900000, 0x0000000086900000|100%|HS|  |TAMS 0x0000000086800000| PB 0x0000000086800000| Complete 
|  25|0x0000000086900000, 0x0000000086a00000, 0x0000000086a00000|100%|HS|  |TAMS 0x0000000086900000| PB 0x0000000086900000| Complete 
|  26|0x0000000086a00000, 0x0000000086b00000, 0x0000000086b00000|100%|HC|  |TAMS 0x0000000086a00000| PB 0x0000000086a00000| Complete 
|  27|0x0000000086b00000, 0x0000000086c00000, 0x0000000086c00000|100%|HS|  |TAMS 0x0000000086b00000| PB 0x0000000086b00000| Complete 
|  28|0x0000000086c00000, 0x0000000086d00000, 0x0000000086d00000|100%|HS|  |TAMS 0x0000000086c00000| PB 0x0000000086c00000| Complete 
|  29|0x0000000086d00000, 0x0000000086e00000, 0x0000000086e00000|100%|HS|  |TAMS 0x0000000086d00000| PB 0x0000000086d00000| Complete 
|  30|0x0000000086e00000, 0x0000000086f00000, 0x0000000086f00000|100%|HS|  |TAMS 0x0000000086e00000| PB 0x0000000086e00000| Complete 
|  31|0x0000000086f00000, 0x0000000087000000, 0x0000000087000000|100%|HS|  |TAMS 0x0000000086f00000| PB 0x0000000086f00000| Complete 
|  32|0x0000000087000000, 0x0000000087100000, 0x0000000087100000|100%|HS|  |TAMS 0x0000000087000000| PB 0x0000000087000000| Complete 
|  33|0x0000000087100000, 0x0000000087200000, 0x0000000087200000|100%|HS|  |TAMS 0x0000000087100000| PB 0x0000000087100000| Complete 
|  34|0x0000000087200000, 0x0000000087300000, 0x0000000087300000|100%|HS|  |TAMS 0x0000000087200000| PB 0x0000000087200000| Complete 
|  35|0x0000000087300000, 0x0000000087400000, 0x0000000087400000|100%|HC|  |TAMS 0x0000000087300000| PB 0x0000000087300000| Complete 
|  36|0x0000000087400000, 0x0000000087500000, 0x0000000087500000|100%| E|CS|TAMS 0x0000000087400000| PB 0x0000000087400000| Complete 
|  37|0x0000000087500000, 0x0000000087600000, 0x0000000087600000|100%| E|CS|TAMS 0x0000000087500000| PB 0x0000000087500000| Complete 
|  38|0x0000000087600000, 0x0000000087700000, 0x0000000087700000|100%| E|CS|TAMS 0x0000000087600000| PB 0x0000000087600000| Complete 
|  39|0x0000000087700000, 0x0000000087800000, 0x0000000087800000|100%| E|CS|TAMS 0x0000000087700000| PB 0x0000000087700000| Complete 
|  40|0x0000000087800000, 0x0000000087900000, 0x0000000087900000|100%| E|CS|TAMS 0x0000000087800000| PB 0x0000000087800000| Complete 
|  41|0x0000000087900000, 0x0000000087a00000, 0x0000000087a00000|100%| E|CS|TAMS 0x0000000087900000| PB 0x0000000087900000| Complete 
|  42|0x0000000087a00000, 0x0000000087b00000, 0x0000000087b00000|100%| E|CS|TAMS 0x0000000087a00000| PB 0x0000000087a00000| Complete 
|  43|0x0000000087b00000, 0x0000000087c00000, 0x0000000087c00000|100%| E|CS|TAMS 0x0000000087b00000| PB 0x0000000087b00000| Complete 
|  44|0x0000000087c00000, 0x0000000087d00000, 0x0000000087d00000|100%| E|CS|TAMS 0x0000000087c00000| PB 0x0000000087c00000| Complete 
|  45|0x0000000087d00000, 0x0000000087e00000, 0x0000000087e00000|100%| E|CS|TAMS 0x0000000087d00000| PB 0x0000000087d00000| Complete 
|  46|0x0000000087e00000, 0x0000000087f00000, 0x0000000087f00000|100%| E|CS|TAMS 0x0000000087e00000| PB 0x0000000087e00000| Complete 
|  47|0x0000000087f00000, 0x0000000088000000, 0x0000000088000000|100%| E|CS|TAMS 0x0000000087f00000| PB 0x0000000087f00000| Complete 
|  48|0x0000000088000000, 0x0000000088100000, 0x0000000088100000|100%| E|CS|TAMS 0x0000000088000000| PB 0x0000000088000000| Complete 
|  49|0x0000000088100000, 0x0000000088200000, 0x0000000088200000|100%| E|CS|TAMS 0x0000000088100000| PB 0x0000000088100000| Complete 
|  50|0x0000000088200000, 0x0000000088300000, 0x0000000088300000|100%| E|CS|TAMS 0x0000000088200000| PB 0x0000000088200000| Complete 
|  51|0x0000000088300000, 0x0000000088400000, 0x0000000088400000|100%| E|CS|TAMS 0x0000000088300000| PB 0x0000000088300000| Complete 
|  52|0x0000000088400000, 0x0000000088500000, 0x0000000088500000|100%| E|CS|TAMS 0x0000000088400000| PB 0x0000000088400000| Complete 
|  53|0x0000000088500000, 0x0000000088600000, 0x0000000088600000|100%| E|CS|TAMS 0x0000000088500000| PB 0x0000000088500000| Complete 
|  54|0x0000000088600000, 0x0000000088700000, 0x0000000088700000|100%| E|CS|TAMS 0x0000000088600000| PB 0x0000000088600000| Complete 
|  55|0x0000000088700000, 0x0000000088800000, 0x0000000088800000|100%| E|CS|TAMS 0x0000000088700000| PB 0x0000000088700000| Complete 
|  56|0x0000000088800000, 0x0000000088900000, 0x0000000088900000|100%| E|CS|TAMS 0x0000000088800000| PB 0x0000000088800000| Complete 
|  57|0x0000000088900000, 0x0000000088a00000, 0x0000000088a00000|100%| E|CS|TAMS 0x0000000088900000| PB 0x0000000088900000| Complete 
|  58|0x0000000088a00000, 0x0000000088b00000, 0x0000000088b00000|100%|HS|  |TAMS 0x0000000088a00000| PB 0x0000000088a00000| Complete 
|  59|0x0000000088b00000, 0x0000000088c00000, 0x0000000088c00000|100%|HS|  |TAMS 0x0000000088b00000| PB 0x0000000088b00000| Complete 
|  60|0x0000000088c00000, 0x0000000088d00000, 0x0000000088d00000|100%| S|  |TAMS 0x0000000088c00000| PB 0x0000000088c00000| Complete 
|  61|0x0000000088d00000, 0x0000000088dfc018, 0x0000000088e00000| 98%| S|  |TAMS 0x0000000088d00000| PB 0x0000000088d00000| Complete 
|  75|0x0000000089b00000, 0x0000000089c00000, 0x0000000089c00000|100%| E|CS|TAMS 0x0000000089b00000| PB 0x0000000089b00000| Complete 
|  76|0x0000000089c00000, 0x0000000089d00000, 0x0000000089d00000|100%| E|CS|TAMS 0x0000000089c00000| PB 0x0000000089c00000| Complete 
|  77|0x0000000089d00000, 0x0000000089e00000, 0x0000000089e00000|100%| E|CS|TAMS 0x0000000089d00000| PB 0x0000000089d00000| Complete 
|  78|0x0000000089e00000, 0x0000000089f00000, 0x0000000089f00000|100%| E|CS|TAMS 0x0000000089e00000| PB 0x0000000089e00000| Complete 
|  79|0x0000000089f00000, 0x000000008a000000, 0x000000008a000000|100%| E|CS|TAMS 0x0000000089f00000| PB 0x0000000089f00000| Complete 
|  80|0x000000008a000000, 0x000000008a100000, 0x000000008a100000|100%| E|CS|TAMS 0x000000008a000000| PB 0x000000008a000000| Complete 
|  81|0x000000008a100000, 0x000000008a200000, 0x000000008a200000|100%| E|CS|TAMS 0x000000008a100000| PB 0x000000008a100000| Complete 
|  82|0x000000008a200000, 0x000000008a300000, 0x000000008a300000|100%| E|CS|TAMS 0x000000008a200000| PB 0x000000008a200000| Complete 
| 123|0x000000008cb00000, 0x000000008cc00000, 0x000000008cc00000|100%| E|CS|TAMS 0x000000008cb00000| PB 0x000000008cb00000| Complete 
|1965|0x00000000ffd00000, 0x00000000ffe00000, 0x00000000ffe00000|100%| O|  |TAMS 0x00000000ffd00000| PB 0x00000000ffd00000| Untracked 
|1966|0x00000000ffe00000, 0x00000000fff00000, 0x00000000fff00000|100%| O|  |TAMS 0x00000000ffe00000| PB 0x00000000ffe00000| Untracked 
|1967|0x00000000fff00000, 0x0000000100000000, 0x0000000100000000|100%| O|  |TAMS 0x00000000fff00000| PB 0x00000000fff00000| Untracked 

Card table byte_map: [0x0000015ed18f0000,0x0000015ed1cd0000] _byte_map_base: 0x0000015ed14c8000

Marking Bits: (CMBitMap*) 0x0000015eb9defc90
 Bits: [0x0000015ed1cd0000, 0x0000015ed3b90000)

Polling page: 0x0000015eb7c70000

Metaspace:

Usage:
  Non-class:     23.65 MB used.
      Class:      3.19 MB used.
       Both:     26.84 MB used.

Virtual space:
  Non-class space:       64.00 MB reserved,      23.88 MB ( 37%) committed,  1 nodes.
      Class space:        1.00 GB reserved,       3.44 MB ( <1%) committed,  1 nodes.
             Both:        1.06 GB reserved,      27.31 MB (  3%) committed. 

Chunk freelists:
   Non-Class:  7.51 MB
       Class:  12.53 MB
        Both:  20.04 MB

MaxMetaspaceSize: unlimited
CompressedClassSpaceSize: 1.00 GB
Initial GC threshold: 21.00 MB
Current GC threshold: 35.12 MB
CDS: on
 - commit_granule_bytes: 65536.
 - commit_granule_words: 8192.
 - virtual_space_node_default_size: 8388608.
 - enlarge_chunks_in_place: 1.
 - use_allocation_guard: 0.


Internal statistics:

num_allocs_failed_limit: 3.
num_arena_births: 586.
num_arena_deaths: 0.
num_vsnodes_births: 2.
num_vsnodes_deaths: 0.
num_space_committed: 437.
num_space_uncommitted: 0.
num_chunks_returned_to_freelist: 3.
num_chunks_taken_from_freelist: 1389.
num_chunk_merges: 3.
num_chunk_splits: 859.
num_chunks_enlarged: 535.
num_inconsistent_stats: 0.

CodeHeap 'non-profiled nmethods': size=120000Kb used=1578Kb max_used=1578Kb free=118422Kb
 bounds [0x0000015ec9cb0000, 0x0000015ec9f20000, 0x0000015ed11e0000]
CodeHeap 'profiled nmethods': size=120000Kb used=6703Kb max_used=6703Kb free=113296Kb
 bounds [0x0000015ec21e0000, 0x0000015ec2870000, 0x0000015ec9710000]
CodeHeap 'non-nmethods': size=5760Kb used=1572Kb max_used=1589Kb free=4187Kb
 bounds [0x0000015ec9710000, 0x0000015ec9980000, 0x0000015ec9cb0000]
 total_blobs=4123 nmethods=3497 adapters=530
 compilation: enabled
              stopped_count=0, restarted_count=0
 full_count=0

Compilation events (20 events):
Event: 35.427 Thread 0x0000015ed65d9550 nmethod 3488 0x0000015ec2867c10 code [0x0000015ec2867da0, 0x0000015ec2867ea0]
Event: 35.427 Thread 0x0000015ed65d9550 3489       3       java.lang.reflect.Method::isCallerSensitive (38 bytes)
Event: 35.428 Thread 0x0000015ed65d9550 nmethod 3489 0x0000015ec2867f10 code [0x0000015ec2868160, 0x0000015ec2868b38]
Event: 35.429 Thread 0x0000015ed65d9550 3490       3       java.lang.StackTraceElement::<init> (10 bytes)
Event: 35.429 Thread 0x0000015ed65d9550 nmethod 3490 0x0000015ec2868e10 code [0x0000015ec2868fc0, 0x0000015ec2869128]
Event: 35.429 Thread 0x0000015ed65d9550 3491  s!   3       java.lang.StackTraceElement::computeFormat (71 bytes)
Event: 35.430 Thread 0x0000015ed65d9550 nmethod 3491 0x0000015ec2869210 code [0x0000015ec2869420, 0x0000015ec2869c90]
Event: 35.430 Thread 0x0000015ed65d9550 3492       3       java.lang.StackTraceElement::isHashedInJavaBase (31 bytes)
Event: 35.431 Thread 0x0000015ed65d9550 nmethod 3492 0x0000015ec2869f10 code [0x0000015ec286a100, 0x0000015ec286a5c0]
Event: 35.431 Thread 0x0000015ed65d9550 3493       3       java.lang.Module::getLayer (43 bytes)
Event: 35.431 Thread 0x0000015ed65d9550 nmethod 3493 0x0000015ec286a710 code [0x0000015ec286a8e0, 0x0000015ec286acb0]
Event: 35.432 Thread 0x0000015ed65d9550 3494       1       jdk.internal.net.http.HttpRequestImpl::method (5 bytes)
Event: 35.432 Thread 0x0000015ed65d9550 nmethod 3494 0x0000015ec9e3a110 code [0x0000015ec9e3a2a0, 0x0000015ec9e3a368]
Event: 41.931 Thread 0x0000015ed65d9550 3495       3       java.util.stream.ReferencePipeline::forEach (11 bytes)
Event: 41.932 Thread 0x0000015ed65d9550 nmethod 3495 0x0000015ec286ae10 code [0x0000015ec286b000, 0x0000015ec286b4f8]
Event: 41.932 Thread 0x0000015ed65d9550 3496       3       java.util.stream.ForEachOps::makeRef (15 bytes)
Event: 41.932 Thread 0x0000015ed65d9550 nmethod 3496 0x0000015ec286b710 code [0x0000015ec286b8e0, 0x0000015ec286bd20]
Event: 41.932 Thread 0x0000015ed65e4f50 3497       4       java.util.ArrayDeque::pollFirst (36 bytes)
Event: 41.933 Thread 0x0000015ed65d9550 3498   !   3       java.util.concurrent.SynchronousQueue$TransferStack::transfer (541 bytes)
Event: 41.935 Thread 0x0000015ed65e4f50 nmethod 3497 0x0000015ec9e3a410 code [0x0000015ec9e3a5a0, 0x0000015ec9e3a6e0]

GC Heap History (7 events):
Event: 0.623 GC heap before
{Heap before GC invocations=0 (full 0):
 garbage-first heap   total 126976K, used 23552K [0x0000000085000000, 0x0000000100000000)
  region size 1024K, 23 young (23552K), 0 survivors (0K)
 Metaspace       used 5280K, committed 5504K, reserved 1114112K
  class space    used 623K, committed 704K, reserved 1048576K
}
Event: 0.629 GC heap after
{Heap after GC invocations=1 (full 0):
 garbage-first heap   total 126976K, used 8110K [0x0000000085000000, 0x0000000100000000)
  region size 1024K, 3 young (3072K), 3 survivors (3072K)
 Metaspace       used 5280K, committed 5504K, reserved 1114112K
  class space    used 623K, committed 704K, reserved 1048576K
}
Event: 1.413 GC heap before
{Heap before GC invocations=1 (full 0):
 garbage-first heap   total 126976K, used 37806K [0x0000000085000000, 0x0000000100000000)
  region size 1024K, 32 young (32768K), 3 survivors (3072K)
 Metaspace       used 14859K, committed 15296K, reserved 1114112K
  class space    used 1709K, committed 1920K, reserved 1048576K
}
Event: 1.420 GC heap after
{Heap after GC invocations=2 (full 0):
 garbage-first heap   total 126976K, used 11376K [0x0000000085000000, 0x0000000100000000)
  region size 1024K, 4 young (4096K), 4 survivors (4096K)
 Metaspace       used 14859K, committed 15296K, reserved 1114112K
  class space    used 1709K, committed 1920K, reserved 1048576K
}
Event: 2.098 GC heap before
{Heap before GC invocations=2 (full 0):
 garbage-first heap   total 126976K, used 48240K [0x0000000085000000, 0x0000000100000000)
  region size 1024K, 41 young (41984K), 4 survivors (4096K)
 Metaspace       used 21168K, committed 21504K, reserved 1114112K
  class space    used 2400K, committed 2560K, reserved 1048576K
}
Event: 2.107 GC heap after
{Heap after GC invocations=3 (full 0):
 garbage-first heap   total 126976K, used 18487K [0x0000000085000000, 0x0000000100000000)
  region size 1024K, 8 young (8192K), 8 survivors (8192K)
 Metaspace       used 21168K, committed 21504K, reserved 1114112K
  class space    used 2400K, committed 2560K, reserved 1048576K
}
Event: 41.948 GC heap before
{Heap before GC invocations=4 (full 0):
 garbage-first heap   total 70656K, used 68663K [0x0000000085000000, 0x0000000100000000)
  region size 1024K, 31 young (31744K), 8 survivors (8192K)
 Metaspace       used 27479K, committed 27968K, reserved 1114112K
  class space    used 3264K, committed 3520K, reserved 1048576K
}

Dll operation events (11 events):
Event: 0.010 Loaded shared library C:\Program Files\jdk-21\bin\java.dll
Event: 0.041 Loaded shared library C:\Program Files\jdk-21\bin\jsvml.dll
Event: 0.101 Loaded shared library C:\Program Files\jdk-21\bin\net.dll
Event: 0.102 Loaded shared library C:\Program Files\jdk-21\bin\nio.dll
Event: 0.107 Loaded shared library C:\Program Files\jdk-21\bin\zip.dll
Event: 0.216 Loaded shared library C:\Program Files\jdk-21\bin\jimage.dll
Event: 0.596 Loaded shared library C:\Program Files\jdk-21\bin\management.dll
Event: 0.598 Loaded shared library C:\Program Files\jdk-21\bin\management_ext.dll
Event: 1.002 Loaded shared library C:\Program Files\jdk-21\bin\extnet.dll
Event: 1.280 Loaded shared library C:\Program Files\jdk-21\bin\verify.dll
Event: 1.683 Loaded shared library C:\Program Files\jdk-21\bin\sunmscapi.dll

Deoptimization events (20 events):
Event: 2.321 Thread 0x0000015eb7a53ba0 Uncommon trap: trap_request=0xffffffde fr.pc=0x0000015ec9dcead4 relative=0x0000000000000294
Event: 2.321 Thread 0x0000015eb7a53ba0 Uncommon trap: reason=class_check action=maybe_recompile pc=0x0000015ec9dcead4 method=java.util.regex.Matcher.search(I)Z @ 121 c2
Event: 2.321 Thread 0x0000015eb7a53ba0 DEOPT PACKING pc=0x0000015ec9dcead4 sp=0x0000001d07cfd240
Event: 2.321 Thread 0x0000015eb7a53ba0 DEOPT UNPACKING pc=0x0000015ec97646a2 sp=0x0000001d07cfd1d0 mode 2
Event: 25.719 Thread 0x0000015ed6891060 Uncommon trap: trap_request=0xffffffde fr.pc=0x0000015ec9d31ee0 relative=0x00000000000007c0
Event: 25.719 Thread 0x0000015ed6891060 Uncommon trap: reason=class_check action=maybe_recompile pc=0x0000015ec9d31ee0 method=java.util.HashMap.putVal(ILjava/lang/Object;Ljava/lang/Object;ZZ)Ljava/lang/Object; @ 91 c2
Event: 25.719 Thread 0x0000015ed6891060 DEOPT PACKING pc=0x0000015ec9d31ee0 sp=0x0000001d09cfef40
Event: 25.719 Thread 0x0000015ed6891060 DEOPT UNPACKING pc=0x0000015ec97646a2 sp=0x0000001d09cfeed0 mode 2
Event: 31.867 Thread 0x0000015eb7a53ba0 DEOPT PACKING pc=0x0000015ec28294a9 sp=0x0000001d07cfd0b0
Event: 31.867 Thread 0x0000015eb7a53ba0 DEOPT UNPACKING pc=0x0000015ec9764e42 sp=0x0000001d07cfc5d8 mode 0
Event: 31.880 Thread 0x0000015eb7a53ba0 DEOPT PACKING pc=0x0000015ec282bf61 sp=0x0000001d07cfdf20
Event: 31.880 Thread 0x0000015eb7a53ba0 DEOPT UNPACKING pc=0x0000015ec9764e42 sp=0x0000001d07cfd398 mode 0
Event: 31.882 Thread 0x0000015eb7a53ba0 Uncommon trap: trap_request=0xffffff45 fr.pc=0x0000015ec9e31100 relative=0x0000000000000440
Event: 31.882 Thread 0x0000015eb7a53ba0 Uncommon trap: reason=unstable_if action=reinterpret pc=0x0000015ec9e31100 method=java.util.Base64$Decoder.decodeBlock([BII[BIZZ)I @ 107 c2
Event: 31.882 Thread 0x0000015eb7a53ba0 DEOPT PACKING pc=0x0000015ec9e31100 sp=0x0000001d07cfdef0
Event: 31.882 Thread 0x0000015eb7a53ba0 DEOPT UNPACKING pc=0x0000015ec97646a2 sp=0x0000001d07cfdea0 mode 2
Event: 35.413 Thread 0x0000015eb7a53ba0 Uncommon trap: trap_request=0xffffff45 fr.pc=0x0000015ec9e376dc relative=0x000000000000031c
Event: 35.413 Thread 0x0000015eb7a53ba0 Uncommon trap: reason=unstable_if action=reinterpret pc=0x0000015ec9e376dc method=java.util.Base64$Decoder.decodeBlock([BII[BIZZ)I @ 33 c2
Event: 35.413 Thread 0x0000015eb7a53ba0 DEOPT PACKING pc=0x0000015ec9e376dc sp=0x0000001d07cfdf20
Event: 35.413 Thread 0x0000015eb7a53ba0 DEOPT UNPACKING pc=0x0000015ec97646a2 sp=0x0000001d07cfde98 mode 2

Classes loaded (20 events):
Event: 25.736 Loading class java/nio/file/TempFileHelper
Event: 25.736 Loading class java/nio/file/TempFileHelper done
Event: 25.738 Loading class sun/nio/fs/WindowsPath$1
Event: 25.738 Loading class sun/nio/fs/WindowsPath$1 done
Event: 25.739 Loading class sun/nio/fs/WindowsChannelFactory$2
Event: 25.739 Loading class sun/nio/fs/WindowsChannelFactory$2 done
Event: 25.740 Loading class java/io/DeleteOnExitHook
Event: 25.741 Loading class java/io/DeleteOnExitHook done
Event: 25.741 Loading class java/io/DeleteOnExitHook$1
Event: 25.741 Loading class java/io/DeleteOnExitHook$1 done
Event: 25.742 Loading class sun/nio/ch/ChannelOutputStream
Event: 25.743 Loading class sun/nio/ch/ChannelOutputStream done
Event: 25.746 Loading class java/nio/file/StandardCopyOption
Event: 25.746 Loading class java/nio/file/StandardCopyOption done
Event: 25.752 Loading class sun/nio/fs/WindowsFileCopy
Event: 25.753 Loading class sun/nio/fs/WindowsFileCopy done
Event: 25.824 Loading class java/net/URLEncoder
Event: 25.824 Loading class java/net/URLEncoder done
Event: 25.824 Loading class java/io/CharArrayWriter
Event: 25.825 Loading class java/io/CharArrayWriter done

Classes unloaded (0 events):
No events

Classes redefined (0 events):
No events

Internal exceptions (20 events):
Event: 2.334 Thread 0x0000015eb7a53ba0 Exception <a 'java/lang/NoSuchMethodError'{0x00000000885bca38}: 'java.lang.Object java.lang.invoke.DirectMethodHandle$Holder.invokeStaticInit(java.lang.Object, long, java.lang.Object)'> (0x00000000885bca38) 
thrown [s\open\src\hotspot\share\interpreter\linkResolver.cpp, line 773]
Event: 2.346 Thread 0x0000015f1d1af1f0 Exception <a 'java/net/ConnectException'{0x0000000088495990}: Connection refused: no further information> (0x0000000088495990) 
thrown [s\open\src\hotspot\share\prims\jni.cpp, line 539]
Event: 2.386 Thread 0x0000015f1d1af1f0 Exception <a 'java/net/ConnectException'{0x0000000088496a90}: Connection refused: no further information> (0x0000000088496a90) 
thrown [s\open\src\hotspot\share\prims\jni.cpp, line 539]
Event: 2.435 Thread 0x0000015eb7a53ba0 Exception <a 'java/lang/NoSuchMethodError'{0x0000000088300d70}: 'double java.lang.invoke.DirectMethodHandle$Holder.invokeVirtual(java.lang.Object, java.lang.Object)'> (0x0000000088300d70) 
thrown [s\open\src\hotspot\share\interpreter\linkResolver.cpp, line 773]
Event: 2.435 Thread 0x0000015eb7a53ba0 Exception <a 'java/lang/NoSuchMethodError'{0x0000000088306d40}: 'float java.lang.invoke.DirectMethodHandle$Holder.invokeVirtual(java.lang.Object, java.lang.Object)'> (0x0000000088306d40) 
thrown [s\open\src\hotspot\share\interpreter\linkResolver.cpp, line 773]
Event: 2.436 Thread 0x0000015eb7a53ba0 Exception <a 'java/lang/NoSuchMethodError'{0x000000008830f4c0}: 'long java.lang.invoke.DirectMethodHandle$Holder.invokeVirtual(java.lang.Object, java.lang.Object)'> (0x000000008830f4c0) 
thrown [s\open\src\hotspot\share\interpreter\linkResolver.cpp, line 773]
Event: 2.452 Thread 0x0000015eb7a53ba0 Exception <a 'java/lang/NoSuchMethodError'{0x00000000883f7cc8}: 'java.lang.Object java.lang.invoke.DirectMethodHandle$Holder.newInvokeSpecial(java.lang.Object, java.lang.Object, int, int)'> (0x00000000883f7cc8) 
thrown [s\open\src\hotspot\share\interpreter\linkResolver.cpp, line 773]
Event: 2.453 Thread 0x0000015eb7a53ba0 Exception <a 'java/lang/NoSuchMethodError'{0x00000000883fbcc8}: 'java.lang.Object java.lang.invoke.DirectMethodHandle$Holder.invokeSpecial(java.lang.Object, java.lang.Object, java.lang.Object, int, int)'> (0x00000000883fbcc8) 
thrown [s\open\src\hotspot\share\interpreter\linkResolver.cpp, line 773]
Event: 2.454 Thread 0x0000015eb7a53ba0 Exception <a 'java/lang/NoSuchMethodError'{0x0000000088202c50}: 'void java.lang.invoke.DirectMethodHandle$Holder.invokeStatic(java.lang.Object, java.lang.Object, int)'> (0x0000000088202c50) 
thrown [s\open\src\hotspot\share\interpreter\linkResolver.cpp, line 773]
Event: 2.484 Thread 0x0000015f1d1af880 Exception <a 'java/lang/NoSuchMethodError'{0x00000000881c36e8}: 'java.lang.Object java.lang.invoke.DirectMethodHandle$Holder.invokeSpecial(java.lang.Object, java.lang.Object, java.lang.Object, java.lang.Object, int)'> (0x00000000881c36e8) 
thrown [s\open\src\hotspot\share\interpreter\linkResolver.cpp, line 773]
Event: 2.484 Thread 0x0000015f1d1af880 Exception <a 'java/lang/NoSuchMethodError'{0x00000000881c6b70}: 'java.lang.Object java.lang.invoke.Invokers$Holder.linkToTargetMethod(java.lang.Object, java.lang.Object, int, java.lang.Object)'> (0x00000000881c6b70) 
thrown [s\open\src\hotspot\share\interpreter\linkResolver.cpp, line 773]
Event: 2.500 Thread 0x0000015f1d1af880 Exception <a 'java/lang/NoSuchMethodError'{0x0000000088006180}: 'void java.lang.invoke.DirectMethodHandle$Holder.invokeSpecial(java.lang.Object, java.lang.Object, java.lang.Object, java.lang.Object, java.lang.Object)'> (0x0000000088006180) 
thrown [s\open\src\hotspot\share\interpreter\linkResolver.cpp, line 773]
Event: 3.546 Thread 0x0000015f1d1ad7b0 Exception <a 'java/lang/NoSuchMethodError'{0x0000000087f0de00}: 'java.lang.Object java.lang.invoke.DirectMethodHandle$Holder.newInvokeSpecial(java.lang.Object, java.lang.Object, long, java.lang.Object, java.lang.Object, java.lang.Object)'> (0x0000000087f0de00) 
thrown [s\open\src\hotspot\share\interpreter\linkResolver.cpp, line 773]
Event: 3.550 Thread 0x0000015f1d1ad7b0 Exception <a 'java/lang/NoSuchMethodError'{0x0000000087f24090}: 'void java.lang.invoke.DirectMethodHandle$Holder.invokeSpecial(java.lang.Object, java.lang.Object, java.lang.Object, java.lang.Object, java.lang.Object, java.lang.Object, java.lang.Object)'> (0x0000000087f24090) 
thrown [s\open\src\hotspot\share\interpreter\linkResolver.cpp, line 773]
Event: 3.564 Thread 0x0000015eb7a53ba0 Exception <a 'java/lang/NoSuchMethodError'{0x00000000882e79a8}: 'java.lang.Object java.lang.invoke.DirectMethodHandle$Holder.invokeSpecialIFC(java.lang.Object, java.lang.Object, java.lang.Object)'> (0x00000000882e79a8) 
thrown [s\open\src\hotspot\share\interpreter\linkResolver.cpp, line 773]
Event: 3.700 Thread 0x0000015eb7a53ba0 Exception <a 'java/lang/ClassNotFoundException'{0x0000000087b2fee8}: sun/util/logging/resources/spi/loggingProvider> (0x0000000087b2fee8) 
thrown [s\open\src\hotspot\share\classfile\systemDictionary.cpp, line 312]
Event: 25.754 Thread 0x0000015eb7a53ba0 Exception <a 'sun/nio/fs/WindowsException'{0x0000000087a77d40}> (0x0000000087a77d40) 
thrown [s\open\src\hotspot\share\prims\jni.cpp, line 520]
Event: 27.438 Thread 0x0000015eb7a53ba0 Exception <a 'sun/nio/fs/WindowsException'{0x0000000087ae4308}> (0x0000000087ae4308) 
thrown [s\open\src\hotspot\share\prims\jni.cpp, line 520]
Event: 31.892 Thread 0x0000015eb7a53ba0 Exception <a 'sun/nio/fs/WindowsException'{0x00000000877e03c8}> (0x00000000877e03c8) 
thrown [s\open\src\hotspot\share\prims\jni.cpp, line 520]
Event: 35.423 Thread 0x0000015eb7a53ba0 Exception <a 'sun/nio/fs/WindowsException'{0x0000000087558be8}> (0x0000000087558be8) 
thrown [s\open\src\hotspot\share\prims\jni.cpp, line 520]

ZGC Phase Switch (0 events):
No events

VM Operations (20 events):
Event: 3.532 Executing VM operation: HandshakeAllThreads (Deoptimize) done
Event: 3.534 Executing VM operation: HandshakeAllThreads (Deoptimize)
Event: 3.534 Executing VM operation: HandshakeAllThreads (Deoptimize) done
Event: 4.540 Executing VM operation: Cleanup
Event: 4.540 Executing VM operation: Cleanup done
Event: 5.553 Executing VM operation: Cleanup
Event: 5.553 Executing VM operation: Cleanup done
Event: 7.574 Executing VM operation: Cleanup
Event: 7.574 Executing VM operation: Cleanup done
Event: 26.736 Executing VM operation: Cleanup
Event: 26.737 Executing VM operation: Cleanup done
Event: 27.740 Executing VM operation: Cleanup
Event: 27.740 Executing VM operation: Cleanup done
Event: 28.742 Executing VM operation: Cleanup
Event: 28.742 Executing VM operation: Cleanup done
Event: 32.776 Executing VM operation: Cleanup
Event: 32.776 Executing VM operation: Cleanup done
Event: 35.808 Executing VM operation: Cleanup
Event: 35.808 Executing VM operation: Cleanup done
Event: 41.948 Executing VM operation: G1CollectForAllocation (G1 Evacuation Pause)

Events (20 events):
Event: 1.404 Thread 0x0000015ed68909d0 Thread added: 0x0000015ed68909d0
Event: 2.308 Thread 0x0000015ed6891060 Thread added: 0x0000015ed6891060
Event: 2.336 Thread 0x0000015ed6892aa0 Thread added: 0x0000015ed6892aa0
Event: 2.337 Thread 0x0000015ed68916f0 Thread added: 0x0000015ed68916f0
Event: 2.337 Thread 0x0000015f1d1aca90 Thread added: 0x0000015f1d1aca90
Event: 2.340 Thread 0x0000015f1d1af1f0 Thread added: 0x0000015f1d1af1f0
Event: 2.420 Thread 0x0000015f1cc8dcd0 Thread exited: 0x0000015f1cc8dcd0
Event: 2.421 Thread 0x0000015ed6aae920 Thread exited: 0x0000015ed6aae920
Event: 2.423 Thread 0x0000015f1d1ad120 Thread added: 0x0000015f1d1ad120
Event: 2.468 Thread 0x0000015f1d1af880 Thread added: 0x0000015f1d1af880
Event: 2.469 Thread 0x0000015f1d1aff10 Thread added: 0x0000015f1d1aff10
Event: 2.511 Thread 0x0000015f1d1ad7b0 Thread added: 0x0000015f1d1ad7b0
Event: 2.513 Thread 0x0000015f1d1b05a0 Thread added: 0x0000015f1d1b05a0
Event: 2.513 Thread 0x0000015f1d1ade40 Thread added: 0x0000015f1d1ade40
Event: 3.615 Thread 0x0000015f1d1aeb60 Thread added: 0x0000015f1d1aeb60
Event: 3.616 Thread 0x0000015f1d1b1950 Thread added: 0x0000015f1d1b1950
Event: 3.619 Thread 0x0000015f1d1ae4d0 Thread added: 0x0000015f1d1ae4d0
Event: 3.620 Thread 0x0000015f1d1b1fe0 Thread added: 0x0000015f1d1b1fe0
Event: 3.620 Thread 0x0000015f1d1b2670 Thread added: 0x0000015f1d1b2670
Event: 12.445 Thread 0x0000015f1d1ad120 Thread exited: 0x0000015f1d1ad120


Dynamic libraries:
0x00007ff77f080000 - 0x00007ff77f090000 	C:\Program Files\jdk-21\bin\javaw.exe
0x00007ffb6d0c0000 - 0x00007ffb6d327000 	C:\WINDOWS\SYSTEM32\ntdll.dll
0x00007ffb6c3e0000 - 0x00007ffb6c4a9000 	C:\WINDOWS\System32\KERNEL32.DLL
0x00007ffb69c40000 - 0x00007ffb6a034000 	C:\WINDOWS\System32\KERNELBASE.dll
0x00007ffb6a9e0000 - 0x00007ffb6ab2b000 	C:\WINDOWS\System32\ucrtbase.dll
0x00007ffb58bc0000 - 0x00007ffb58bdb000 	C:\Program Files\jdk-21\bin\VCRUNTIME140.dll
0x00007ffb4c510000 - 0x00007ffb4c529000 	C:\Program Files\jdk-21\bin\jli.dll
0x00007ffb6c320000 - 0x00007ffb6c3d6000 	C:\WINDOWS\System32\ADVAPI32.dll
0x00007ffb6c840000 - 0x00007ffb6c8e9000 	C:\WINDOWS\System32\msvcrt.dll
0x00007ffb6b340000 - 0x00007ffb6b3e7000 	C:\WINDOWS\System32\sechost.dll
0x00007ffb6b050000 - 0x00007ffb6b168000 	C:\WINDOWS\System32\RPCRT4.dll
0x00007ffb6c4c0000 - 0x00007ffb6c685000 	C:\WINDOWS\System32\USER32.dll
0x00007ffb493f0000 - 0x00007ffb49683000 	C:\WINDOWS\WinSxS\amd64_microsoft.windows.common-controls_6595b64144ccf1df_6.0.26100.8115_none_3e075c82e3354f9c\COMCTL32.dll
0x00007ffb6abf0000 - 0x00007ffb6ac17000 	C:\WINDOWS\System32\win32u.dll
0x00007ffb6b010000 - 0x00007ffb6b03b000 	C:\WINDOWS\System32\GDI32.dll
0x00007ffb6a040000 - 0x00007ffb6a16b000 	C:\WINDOWS\System32\gdi32full.dll
0x00007ffb6ada0000 - 0x00007ffb6ae43000 	C:\WINDOWS\System32\msvcp_win.dll
0x00007ffb56180000 - 0x00007ffb5618b000 	C:\WINDOWS\SYSTEM32\VERSION.dll
0x00007ffb6af70000 - 0x00007ffb6afa2000 	C:\WINDOWS\System32\IMM32.DLL
0x00007ffb4c500000 - 0x00007ffb4c50c000 	C:\Program Files\jdk-21\bin\vcruntime140_1.dll
0x00007ffb376b0000 - 0x00007ffb3773e000 	C:\Program Files\jdk-21\bin\msvcp140.dll
0x00007ffad9db0000 - 0x00007ffadaac5000 	C:\Program Files\jdk-21\bin\server\jvm.dll
0x00007ffb6ae50000 - 0x00007ffb6aed0000 	C:\WINDOWS\System32\WS2_32.dll
0x00007ffb69810000 - 0x00007ffb6986e000 	C:\WINDOWS\SYSTEM32\POWRPROF.dll
0x00007ffb5e650000 - 0x00007ffb5e686000 	C:\WINDOWS\SYSTEM32\WINMM.dll
0x00007ffb697f0000 - 0x00007ffb69804000 	C:\WINDOWS\SYSTEM32\UMPDC.dll
0x00007ffb68720000 - 0x00007ffb6873b000 	C:\WINDOWS\SYSTEM32\kernel.appcore.dll
0x00007ffb4c4f0000 - 0x00007ffb4c4fa000 	C:\Program Files\jdk-21\bin\jimage.dll
0x00007ffb678e0000 - 0x00007ffb67b22000 	C:\WINDOWS\SYSTEM32\DBGHELP.DLL
0x00007ffb6bd70000 - 0x00007ffb6c0f2000 	C:\WINDOWS\System32\combase.dll
0x00007ffb6b4b0000 - 0x00007ffb6b588000 	C:\WINDOWS\System32\OLEAUT32.dll
0x00007ffb40600000 - 0x00007ffb4063b000 	C:\WINDOWS\SYSTEM32\dbgcore.DLL
0x00007ffb69990000 - 0x00007ffb69a35000 	C:\WINDOWS\System32\bcryptPrimitives.dll
0x00007ffb40c00000 - 0x00007ffb40c1f000 	C:\Program Files\jdk-21\bin\java.dll
0x00007ffb6c910000 - 0x00007ffb6d077000 	C:\WINDOWS\System32\SHELL32.dll
0x00007ffb69a40000 - 0x00007ffb69baa000 	C:\WINDOWS\System32\wintypes.dll
0x00007ffb6a170000 - 0x00007ffb6a9d8000 	C:\WINDOWS\System32\windows.storage.dll
0x00007ffb6b170000 - 0x00007ffb6b268000 	C:\WINDOWS\System32\SHCORE.dll
0x00007ffb6b710000 - 0x00007ffb6b776000 	C:\WINDOWS\System32\shlwapi.dll
0x00007ffb698b0000 - 0x00007ffb698d9000 	C:\WINDOWS\SYSTEM32\profapi.dll
0x00007ffb375d0000 - 0x00007ffb376a7000 	C:\Program Files\jdk-21\bin\jsvml.dll
0x00007ffb40a70000 - 0x00007ffb40a80000 	C:\Program Files\jdk-21\bin\net.dll
0x00007ffb609f0000 - 0x00007ffb60b1d000 	C:\WINDOWS\SYSTEM32\WINHTTP.dll
0x00007ffb68c90000 - 0x00007ffb68cfc000 	C:\WINDOWS\system32\mswsock.dll
0x00007ffb40a50000 - 0x00007ffb40a66000 	C:\Program Files\jdk-21\bin\nio.dll
0x00007ffb3e730000 - 0x00007ffb3e748000 	C:\Program Files\jdk-21\bin\zip.dll
0x00007ffb40a40000 - 0x00007ffb40a4a000 	C:\Program Files\jdk-21\bin\management.dll
0x00007ffb3e690000 - 0x00007ffb3e69b000 	C:\Program Files\jdk-21\bin\management_ext.dll
0x00007ffb6c830000 - 0x00007ffb6c838000 	C:\WINDOWS\System32\PSAPI.DLL
0x00007ffaeee40000 - 0x00007ffaeee58000 	C:\WINDOWS\system32\napinsp.dll
0x00007ffb68190000 - 0x00007ffb682c2000 	C:\WINDOWS\SYSTEM32\DNSAPI.dll
0x00007ffb680e0000 - 0x00007ffb68112000 	C:\WINDOWS\SYSTEM32\IPHLPAPI.DLL
0x00007ffb6c100000 - 0x00007ffb6c10a000 	C:\WINDOWS\System32\NSI.dll
0x00007ffaefb90000 - 0x00007ffaefba3000 	C:\WINDOWS\System32\winrnr.dll
0x00007ffb2e890000 - 0x00007ffb2e8b2000 	C:\WINDOWS\system32\nlansp_c.dll
0x00007ffb57ce0000 - 0x00007ffb57cf6000 	C:\WINDOWS\system32\wshbth.dll
0x00007ffb5df70000 - 0x00007ffb5df7b000 	C:\Windows\System32\rasadhlp.dll
0x00007ffb61480000 - 0x00007ffb61506000 	C:\WINDOWS\System32\fwpuclnt.dll
0x00007ffb3e4c0000 - 0x00007ffb3e4c7000 	C:\Program Files\jdk-21\bin\extnet.dll
0x00007ffb68f80000 - 0x00007ffb68f9b000 	C:\WINDOWS\SYSTEM32\CRYPTSP.dll
0x00007ffb68680000 - 0x00007ffb686b9000 	C:\WINDOWS\system32\rsaenh.dll
0x00007ffb68d40000 - 0x00007ffb68d73000 	C:\WINDOWS\SYSTEM32\USERENV.dll
0x00007ffb69880000 - 0x00007ffb698aa000 	C:\WINDOWS\SYSTEM32\bcrypt.dll
0x00007ffb68f70000 - 0x00007ffb68f7c000 	C:\WINDOWS\SYSTEM32\CRYPTBASE.dll
0x00007ffb3ce60000 - 0x00007ffb3ce70000 	C:\Program Files\jdk-21\bin\verify.dll
0x00007ffb375c0000 - 0x00007ffb375ce000 	C:\Program Files\jdk-21\bin\sunmscapi.dll
0x00007ffb6ac20000 - 0x00007ffb6ad97000 	C:\WINDOWS\System32\CRYPT32.dll
0x00007ffb69190000 - 0x00007ffb691c0000 	C:\WINDOWS\SYSTEM32\ncrypt.dll
0x00007ffb69140000 - 0x00007ffb6917f000 	C:\WINDOWS\SYSTEM32\NTASN1.dll
0x00007ffb3fd50000 - 0x00007ffb3fd58000 	C:\WINDOWS\system32\wshunix.dll
0x00007ffb68840000 - 0x00007ffb68876000 	C:\WINDOWS\SYSTEM32\ntmarta.dll

dbghelp: loaded successfully - version: 4.0.5 - missing functions: none
symbol engine: initialized successfully - sym options: 0x614 - pdb path: .;C:\Program Files\jdk-21\bin;C:\WINDOWS\SYSTEM32;C:\WINDOWS\WinSxS\amd64_microsoft.windows.common-controls_6595b64144ccf1df_6.0.26100.8115_none_3e075c82e3354f9c;C:\Program Files\jdk-21\bin\server

VM Arguments:
jvm_args: -ea -Dfile.encoding=UTF-8 -Dstdout.encoding=UTF-8 -Dstderr.encoding=UTF-8 -XX:+ShowCodeDetailsInExceptionMessages 
java_command: org.testng.remote.RemoteTestNG -serport 53175 -protocol json -d D:\Trio_Tree_Automation_project_03-06-2025\HIS_WebAutomation_Project\test-output C:\Users\ANUP~1.DES\AppData\Local\Temp\testng-eclipse--986006447\testng-customsuite.xml
java_class_path (initial): C:\eclipse\configuration\org.eclipse.osgi\536\0\.cp\lib\testng-remote.jar;D:\Trio_Tree_Automation_project_03-06-2025\HIS_WebAutomation_Project\target\test-classes;D:\Trio_Tree_Automation_project_03-06-2025\HIS_WebAutomation_Project\target\classes;C:\eclipse\plugins\org.junit_4.13.2.v20240929-1000.jar;C:\eclipse\plugins\org.hamcrest_3.0.0.jar;C:\eclipse\plugins\org.testng_7.11.0.r202503091654.jar;C:\eclipse\plugins\com.beust.jcommander_1.83.0.jar;C:\eclipse\plugins\slf4j.api_2.0.17.jar;C:\eclipse\plugins\org.yaml.snakeyaml_2.2.0.jar;C:\eclipse\plugins\org.webjars.jquery_3.7.1.jar;C:\Users\Anup.DESKTOP-V88DC5U\.m2\repository\org\seleniumhq\selenium\selenium-java\4.38.0\selenium-java-4.38.0.jar;C:\Users\Anup.DESKTOP-V88DC5U\.m2\repository\org\seleniumhq\selenium\selenium-api\4.38.0\selenium-api-4.38.0.jar;C:\Users\Anup.DESKTOP-V88DC5U\.m2\repository\org\jspecify\jspecify\1.0.0\jspecify-1.0.0.jar;C:\Users\Anup.DESKTOP-V88DC5U\.m2\repository\org\seleniumhq\selenium\selenium-chrome-driver\4.38.0\selenium-chrome-driver-4.38.0.jar;C:\Users\Anup.DESKTOP-V88DC5U\.m2\repository\com\google\auto\service\auto-service-annotations\1.1.1\auto-service-annotations-1.1.1.jar;C:\Users\Anup.DESKTOP-V88DC5U\.m2\repository\org\seleniumhq\selenium\selenium-chromium-driver\4.38.0\selenium-chromium-driver-4.38.0.jar;C:\Users\Anup.DESKTOP-V88DC5U\.m2\repository\org\seleniumhq\selenium\selenium-json\4.38.0\selenium-json-4.38.0.jar;C:\Users\Anup.DESKTOP-V88DC5U\.m2\repository\org\seleniumhq\selenium\selenium-manager\4.38.0\selenium-manager-4.38.0.jar;C:\Users\Anup.DESKTOP-V88DC5U\.m2\repository\org\seleniumhq\selenium\selenium-devtools-v140\4.38.0\selenium-devtools-v140-4.38.0.jar;C:\Users\Anup.DESKTOP-V88DC5U\.m2\repository\org\seleniumhq\selenium\selenium-devtools-v141\4.38.0\selenium-devtools-v141-4.38.0.jar;C:\Users\Anup.DESKTOP-V88DC5U\.m2\repository\org\seleniumhq\selenium\selenium-devtools-v142\4.38.0\selenium-devtools-v142-4.38.0.jar;C:\Users\Anup.DESKTOP-V88DC5U\.m2\repository\org\seleniumhq\selenium\selenium-edge-driver\4.38.0\selenium-edge-driver-4.38.0.jar;C:\Users\Anup.DESKTOP-V88DC5U\.m2\repository\org\seleniumhq\selenium\selenium-firefox-driver\4.38.0\selenium-firefox-driver-4.38.0.jar;C:\Users\Anup.DESKTOP-V88DC5U\.m2\repository\org\seleniumhq\selenium\selenium-http\4.38.0\selenium-http-4.38.0.jar;C:\Users\Anup.DESKTOP-V88DC5U\.m2\repository\org\seleniumhq\selenium\selenium-ie-driver\4.38.0\selenium-ie-driver-4.38.0.jar;C:\Users\Anup.DESKTOP-V88DC5U\.m2\repository\org\seleniumhq\selenium\selenium-remote-driver\4.38.0\selenium-remote-driver-4.38.0.jar;C:\Users\Anup.DESKTOP-V88DC5U\.m2\repository\io\opentelemetry\opentelemetry-api\1.55.0\opentelemetry-api-1.55.0.jar;C:\Users\Anup.DESKTOP-V88DC5U\.m2\repository\io\opentelemetry\opentelemetry-context\1.55.0\opentelemetry-context-1.55.0.jar;C:\Users\Anup.DESKTOP-V88DC5U\.m2\repository\io\opentelemetry\opentelemetry-common\1.55.0\opentelemetry-common-1.55.0.jar;C:\Users\Anup.DESKTOP-V88DC5U\.m2\repository\io\opentelemetry\opentelemetry-exporter-logging\1.55.0\opentelemetry-exporter-logging-1.55.0.jar;C:\Users\Anup.DESKTOP-V88DC5U\.m2\repository\io\opentelemetry\opentelemetry-sdk-common\1.55.0\opentelemetry-sdk-common-1.55.0.jar;C:\Users\Anup.DESKTOP-V88DC5U\.m2\repository\io\opentelemetry\opentelemetry-sdk-extension-autoconfigure-spi\1.55.0\opentelemetry-sdk-extension-autoconfigure-spi-1.55.0.jar;C:\Users\Anup.DESKTOP-V88DC5U\.m2\repository\io\opentelemetry\opentelemetry-sdk-extension-autoconfigure\1.55.0\opentelemetry-sdk-extension-autoconfigure-1.55.0.jar;C:\Users\Anup.DESKTOP-V88DC5U\.m2\repository\io\opentelemetry\opentelemetry-sdk-trace\1.55.0\opentelemetry-sdk-trace-1.55.0.jar;C:\Users\Anup.DESKTOP-V88DC5U\.m2\repository\io\opentelemetry\opentelemetry-sdk\1.55.0\opentelemetry-sdk-1.55.0.jar;C:\Users\Anup.DESKTOP-V88DC5U\.m2\repository\io\opentelemetry\opentelemetry-sdk-metrics\1.55.0\opentelemetry-sdk-metrics-1.55.0.jar;C:\Users\Anup.DESKTOP-V88DC5U\.m2\repository\io\opentelemetry\opentelemetry-sdk-logs\1.55.0\opentelemetry-sdk-logs-1.55.0.jar;C:\Users\Anup.DESKTOP-V88DC5U\.m2\repository\net\bytebuddy\byte-buddy\1.17.8\byte-buddy-1.17.8.jar;C:\Users\Anup.DESKTOP-V88DC5U\.m2\repository\org\seleniumhq\selenium\selenium-os\4.38.0\selenium-os-4.38.0.jar;C:\Users\Anup.DESKTOP-V88DC5U\.m2\repository\org\apache\commons\commons-exec\1.5.0\commons-exec-1.5.0.jar;C:\Users\Anup.DESKTOP-V88DC5U\.m2\repository\org\seleniumhq\selenium\selenium-safari-driver\4.38.0\selenium-safari-driver-4.38.0.jar;C:\Users\Anup.DESKTOP-V88DC5U\.m2\repository\org\seleniumhq\selenium\selenium-support\4.38.0\selenium-support-4.38.0.jar;C:\Users\Anup.DESKTOP-V88DC5U\.m2\repository\io\github\bonigarcia\webdrivermanager\5.9.2\webdrivermanager-5.9.2.jar;C:\Users\Anup.DESKTOP-V88DC5U\.m2\repository\com\google\code\gson\gson\2.11.0\gson-2.11.0.jar;C:\Users\Anup.DESKTOP-V88DC5U\.m2\repository\com\github\docker-java\docker-java\3.4.0\docker-java-3.4.0.jar;C:\Users\Anup.DESKTOP-V88DC5U\.m2\repository\com\github\docker-java\docker-java-core\3.4.0\docker-java-core-3.4.0.jar;C:\Users\Anup.DESKTOP-V88DC5U\.m2\repository\com\github\docker-java\docker-java-api\3.4.0\docker-java-api-3.4.0.jar;C:\Users\Anup.DESKTOP-V88DC5U\.m2\repository\com\fasterxml\jackson\core\jackson-annotations\2.10.3\jackson-annotations-2.10.3.jar;C:\Users\Anup.DESKTOP-V88DC5U\.m2\repository\com\fasterxml\jackson\core\jackson-databind\2.10.3\jackson-databind-2.10.3.jar;C:\Users\Anup.DESKTOP-V88DC5U\.m2\repository\com\fasterxml\jackson\core\jackson-core\2.10.3\jackson-core-2.10.3.jar;C:\Users\Anup.DESKTOP-V88DC5U\.m2\repository\org\slf4j\jcl-over-slf4j\1.7.30\jcl-over-slf4j-1.7.30.jar;C:\Users\Anup.DESKTOP-V88DC5U\.m2\repository\com\github\docker-java\docker-java-transport-httpclient5\3.4.0\docker-java-transport-httpclient5-3.4.0.jar;C:\Users\Anup.DESKTOP-V88DC5U\.m2\repository\com\github\docker-java\docker-java-transport\3.4.0\docker-java-transport-3.4.0.jar;C:\Users\Anup.DESKTOP-V88DC5U\.m2\repository\net\java\dev\jna\jna\5.13.0\jna-5.13.0.jar;C:\Users\Anup.DESKTOP-V88DC5U\.m2\repository\org\brotli\dec\0.1.2\dec-0.1.2.jar;C:\Users\Anup.DESKTOP-V88DC5U\.m2\repository\org\apache\commons\commons-compress\1.26.2\commons-compress-1.26.2.jar;C:\Users\Anup.DESKTOP-V88DC5U\.m2\repository\org\apache\httpcomponents\client5\httpclient5\5.2.1\httpclient5-5.2.1.jar;C:\Users\Anup.DESKTOP-V88DC5U\.m2\repository\org\apache\httpcomponents\core5\httpcore5\5.2\httpcore5-5.2.jar;C:\Users\Anup.DESKTOP-V88DC5U\.m2\repository\org\apache\httpcomponents\core5\httpcore5-h2\5.2\httpcore5-h2-5.2.jar;C:\Users\Anup.DESKTOP-V88DC5U\.m2\repository\org\testng\testng\7.11.0\testng-7.11.0.jar;C:\Users\Anup.DESKTOP-V88DC5U\.m2\repository\org\jcommander\jcommander\1.83\jcommander-1.83.jar;C:\Users\Anup.DESKTOP-V88DC5U\.m2\repository\org\webjars\jquery\3.7.1\jquery-3.7.1.jar;C:\Users\Anup.DESKTOP-V88DC5U\.m2\repository\org\slf4j\slf4j-api\2.0.12\slf4j-api-2.0.12.jar;C:\Users\Anup.DESKTOP-V88DC5U\.m2\repository\org\apache\logging\log4j\log4j-core\2.22.1\log4j-core-2.22.1.jar;C:\Users\Anup.DESKTOP-V88DC5U\.m2\repository\org\apache\logging\log4j\log4j-api\2.22.1\log4j-api-2.22.1.jar;C:\Users\Anup.DESKTOP-V88DC5U\.m2\repository\org\apache\logging\log4j\log4j-slf4j2-impl\2.22.1\log4j-slf4j2-impl-2.22.1.jar;C:\Users\Anup.DESKTOP-V88DC5U\.m2\repository\log4j\log4j\1.2.17\log4j-1.2.17.jar;C:\Users\Anup.DESKTOP-V88DC5U\.m2\repository\com\googlecode\json-simple\json-simple\1.1.1\json-simple-1.1.1.jar;C:\Users\Anup.DESKTOP-V88DC5U\.m2\repository\junit\junit\4.10\junit-4.10.jar;C:\Users\Anup.DESKTOP-V88DC5U\.m2\repository\org\hamcrest\hamcrest-core\1.1\hamcrest-core-1.1.jar;C:\Users\Anup.DESKTOP-V88DC5U\.m2\repository\com\aventstack\extentreports\4.1.7\extentreports-4.1.7.jar;C:\Users\Anup.DESKTOP-V88DC5U\.m2\repository\org\freemarker\freemarker\2.3.29\freemarker-2.3.29.jar;C:\Users\Anup.DESKTOP-V88DC5U\.m2\repository\org\apache\httpcomponents\httpclient\4.5.2\httpclient-4.5.2.jar;C:\Users\Anup.DESKTOP-V88DC5U\.m2\repository\org\apache\httpcomponents\httpcore\4.4.4\httpcore-4.4.4.jar;C:\Users\Anup.DESKTOP-V88DC5U\.m2\repository\commons-logging\commons-logging\1.2\commons-logging-1.2.jar;C:\Users\Anup.DESKTOP-V88DC5U\.m2\repository\org\apache\httpcomponents\httpmime\4.5.2\httpmime-4.5.2.jar;C:\Users\Anup.DESKTOP-V88DC5U\.m2\repository\org\mongodb\mongodb-driver\3.12.0\mongodb-driver-3.12.0.jar;C:\Users\Anup.DESKTOP-V88DC5U\.m2\repository\org\mongodb\mongodb-driver-core\3.12.0\mongodb-driver-core-3.12.0.jar;C:\Users\Anup.DESKTOP-V88DC5U\.m2\repository\org\mongodb\bson\3.12.0\bson-3.12.0.jar;C:\Users\Anup.DESKTOP-V88DC5U\.m2\repository\org\apache\poi\poi\5.2.5\poi-5.2.5.jar;C:\Users\Anup.DESKTOP-V88DC5U\.m2\repository\commons-codec\commons-codec\1.16.0\commons-codec-1.16.0.jar;C:\Users\Anup.DESKTOP-V88DC5U\.m2\repository\org\apache\commons\commons-collections4\4.4\commons-collections4-4.4.jar;C:\Users\Anup.DESKTOP-V88DC5U\.m2\repository\org\apache\commons\commons-math3\3.6.1\commons-math3-3.6.1.jar;C:\Users\Anup.DESKTOP-V88DC5U\.m2\repository\commons-io\commons-io\2.15.0\commons-io-2.15.0.jar;C:\Users\Anup.DESKTOP-V88DC5U\.m2\repository\com\zaxxer\SparseBitSet\1.3\SparseBitSet-1.3.jar;C:\Users\Anup.DESKTOP-V88DC5U\.m2\repository\org\apache\poi\poi-ooxml\5.2.5\poi-ooxml-5.2.5.jar;C:\Users\Anup.DESKTOP-V88DC5U\.m2\repository\org\apache\poi\poi-ooxml-lite\5.2.5\poi-ooxml-lite-5.2.5.jar;C:\Users\Anup.DESKTOP-V88DC5U\.m2\repository\org\apache\xmlbeans\xmlbeans\5.2.0\xmlbeans-5.2.0.jar;C:\Users\Anup.DESKTOP-V88DC5U\.m2\repository\com\github\virtuald\curvesapi\1.08\curvesapi-1.08.jar;C:\Users\Anup.DESKTOP-V88DC5U\.m2\repository\io\rest-assured\rest-assured\5.4.0\rest-assured-5.4.0.jar;C:\Users\Anup.DESKTOP-V88DC5U\.m2\repository\org\apache\groovy\groovy\4.0.16\groovy-4.0.16.jar;C:\Users\Anup.DESKTOP-V88DC5U\.m2\repository\org\apache\groovy\groovy-xml\4.0.16\groovy-xml-4.0.16.jar;C:\Users\Anup.DESKTOP-V88DC5U\.m2\repository\org\hamcrest\hamcrest\2.2\hamcrest-2.2.jar;C:\Users\Anup.DESKTOP-V88DC5U\.m2\repository\org\ccil\cowan\tagsoup\tagsoup\1.2.1\tagsoup-1.2.1.jar;C:\Users\Anup.DESKTOP-V88DC5U\.m2\repository\io\rest-assured\json-path\5.4.0\json-path-5.4.0.jar;C:\Users\Anup.DESKTOP-V88DC5U\.m2\repository\org\apache\groovy\groovy-json\4.0.16\groovy-json-4.0.16.jar;C:\Users\Anup.DESKTOP-V88DC5U\.m2\repository\io\rest-assured\rest-assured-common\5.4.0\rest-assured-common-5.4.0.jar;C:\Users\Anup.DESKTOP-V88DC5U\.m2\repository\io\rest-assured\xml-path\5.4.0\xml-path-5.4.0.jar;C:\Users\Anup.DESKTOP-V88DC5U\.m2\repository\org\json\json\20240303\json-20240303.jar;C:\Users\Anup.DESKTOP-V88DC5U\.m2\repository\org\apache\commons\commons-lang3\3.17.0\commons-lang3-3.17.0.jar;C:\Users\Anup.DESKTOP-V88DC5U\.m2\repository\com\google\guava\guava\33.0.0-jre\guava-33.0.0-jre.jar;C:\Users\Anup.DESKTOP-V88DC5U\.m2\repository\com\google\guava\failureaccess\1.0.2\failureaccess-1.0.2.jar;C:\Users\Anup.DESKTOP-V88DC5U\.m2\repository\com\google\guava\listenablefuture\9999.0-empty-to-avoid-conflict-with-guava\listenablefuture-9999.0-empty-to-avoid-conflict-with-guava.jar;C:\Users\Anup.DESKTOP-V88DC5U\.m2\repository\com\google\code\findbugs\jsr305\3.0.2\jsr305-3.0.2.jar;C:\Users\Anup.DESKTOP-V88DC5U\.m2\repository\org\checkerframework\checker-qual\3.41.0\checker-qual-3.41.0.jar;C:\Users\Anup.DESKTOP-V88DC5U\.m2\repository\com\google\errorprone\error_prone_annotations\2.23.0\error_prone_annotations-2.23.0.jar;C:\Users\Anup.DESKTOP-V88DC5U\.m2\repository\com\google\j2objc\j2objc-annotations\2.8\j2objc-annotations-2.8.jar;C:\Users\Anup.DESKTOP-V88DC5U\.m2\repository\org\projectlombok\lombok\1.18.32\lombok-1.18.32.jar;C:\Users\Anup.DESKTOP-V88DC5U\.m2\repository\com\microsoft\sqlserver\mssql-jdbc\12.10.0.jre11\mssql-jdbc-12.10.0.jre11.jar
Launcher Type: SUN_STANDARD

[Global flags]
     intx CICompilerCount                          = 4                                         {product} {ergonomic}
     uint ConcGCThreads                            = 2                                         {product} {ergonomic}
     uint G1ConcRefinementThreads                  = 8                                         {product} {ergonomic}
   size_t G1HeapRegionSize                         = 1048576                                   {product} {ergonomic}
    uintx GCDrainStackTargetSize                   = 64                                        {product} {ergonomic}
   size_t InitialHeapSize                          = 130023424                                 {product} {ergonomic}
   size_t MarkStackSize                            = 4194304                                   {product} {ergonomic}
   size_t MaxHeapSize                              = 2063597568                                {product} {ergonomic}
   size_t MaxNewSize                               = 1237319680                                {product} {ergonomic}
   size_t MinHeapDeltaBytes                        = 1048576                                   {product} {ergonomic}
   size_t MinHeapSize                              = 8388608                                   {product} {ergonomic}
    uintx NonNMethodCodeHeapSize                   = 5839372                                {pd product} {ergonomic}
    uintx NonProfiledCodeHeapSize                  = 122909434                              {pd product} {ergonomic}
    uintx ProfiledCodeHeapSize                     = 122909434                              {pd product} {ergonomic}
    uintx ReservedCodeCacheSize                    = 251658240                              {pd product} {ergonomic}
     bool SegmentedCodeCache                       = true                                      {product} {ergonomic}
     bool ShowCodeDetailsInExceptionMessages       = true                                   {manageable} {command line}
   size_t SoftMaxHeapSize                          = 2063597568                             {manageable} {ergonomic}
     bool UseCompressedOops                        = true                           {product lp64_product} {ergonomic}
     bool UseG1GC                                  = true                                      {product} {ergonomic}
     bool UseLargePagesIndividualAllocation        = false                                  {pd product} {ergonomic}

Logging:
Log output configuration:
 #0: stdout all=warning uptime,level,tags foldmultilines=false
 #1: stderr all=off uptime,level,tags foldmultilines=false

Environment Variables:
JAVA_HOME=C:\Program Files\jdk-21
PATH=C:/eclipse//plugins/org.eclipse.justj.openjdk.hotspot.jre.full.win32.x86_64_21.0.8.v20250724-1412/jre/bin/server;C:/eclipse//plugins/org.eclipse.justj.openjdk.hotspot.jre.full.win32.x86_64_21.0.8.v20250724-1412/jre/bin;C:\WINDOWS\system32;C:\WINDOWS;C:\WINDOWS\System32\Wbem;C:\WINDOWS\System32\WindowsPowerShell\v1.0\;C:\WINDOWS\System32\OpenSSH\;C:\ProgramData\chocolatey\bin;C:\Program Files (x86)\Microsoft SQL Server\160\DTS\Binn\;C:\Program Files\Azure Data Studio\bin;C:\Users\Anup.DESKTOP-V88DC5U\Downloads\apache-jmeter-5.6.3.zip\apache-jmeter-5.6.3\bin;C:\apache-jmeter-5.6.3\apache-jmeter-5.6.3\bin\;C:\Program Files\apache-maven-3.9.11\bin;C:\Program Files\jdk-21\bin;C:\Program Files\Git\cmd;C:\Program Files\nodejs\;C:\Users\Anup.DESKTOP-V88DC5U\AppData\Local\Android\Sdk\tools\bin;C:\Users\Anup.DESKTOP-V88DC5U\AppData\Local\Android\Sdk\tools;C:\Users\Anup.DESKTOP-V88DC5U\AppData\Local\Android\Sdk\platform-tools;C:\Program Files\nodejs\node_modules\npm\bin;;C:\Program Files\Docker\Docker\resources\bin;C:\Users\Anup.DESKTOP-V88DC5U\AppData\Local\Microsoft\WindowsApps;C:\Users\Anup.DESKTOP-V88DC5U\AppData\Local\GitHubDesktop\bin;jmeter;C:\Users\Anup.DESKTOP-V88DC5U\AppData\Roaming\npm;C:\Users\Anup.DESKTOP-V88DC5U\AppData\Local\Programs\Microsoft VS Code\bin;C:\Users\Anup.DESKTOP-V88DC5U\AppData\Local\Programs\cursor\resources\app\bin;C:\eclipse;
USERNAME=Anup
OS=Windows_NT
PROCESSOR_IDENTIFIER=Intel64 Family 6 Model 154 Stepping 4, GenuineIntel
TMP=C:\Users\ANUP~1.DES\AppData\Local\Temp
TEMP=C:\Users\ANUP~1.DES\AppData\Local\Temp




Periodic native trim disabled

---------------  S Y S T E M  ---------------

OS:
 Windows 11 , 64 bit Build 26100 (10.0.26100.8246)
OS uptime: 7 days 4:55 hours
Hyper-V role detected

CPU: total 8 (initial active 8) (4 cores per cpu, 2 threads per core) family 6 model 154 stepping 4 microcode 0x437, cx8, cmov, fxsr, ht, mmx, 3dnowpref, sse, sse2, sse3, ssse3, sse4.1, sse4.2, popcnt, lzcnt, tsc, tscinvbit, avx, avx2, aes, erms, clmul, bmi1, bmi2, adx, sha, fma, vzeroupper, clflush, clflushopt, clwb, hv, serialize, rdtscp, rdpid, fsrm, f16c, cet_ibt, cet_ss
Processor Information for processor 0
  Max Mhz: 1200, Current Mhz: 1200, Mhz Limit: 1200
Processor Information for processor 1
  Max Mhz: 1200, Current Mhz: 1200, Mhz Limit: 1200
Processor Information for processor 2
  Max Mhz: 1200, Current Mhz: 1200, Mhz Limit: 1200
Processor Information for processor 3
  Max Mhz: 1200, Current Mhz: 1200, Mhz Limit: 1200
Processor Information for processor 4
  Max Mhz: 1200, Current Mhz: 900, Mhz Limit: 900
Processor Information for processor 5
  Max Mhz: 1200, Current Mhz: 900, Mhz Limit: 900
Processor Information for processor 6
  Max Mhz: 1200, Current Mhz: 900, Mhz Limit: 900
Processor Information for processor 7
  Max Mhz: 1200, Current Mhz: 900, Mhz Limit: 900

Memory: 4k page, system-wide physical 7865M (1061M free)
TotalPageFile size 32441M (AvailPageFile size 45M)
current process WorkingSet (physical memory assigned to process): 160M, peak: 160M
current process commit charge ("private bytes"): 209M, peak: 256M

vm_info: Java HotSpot(TM) 64-Bit Server VM (21.0.1+12-LTS-29) for windows-amd64 JRE (21.0.1+12-LTS-29), built on 2023-10-05T13:27:09Z by "mach5one" with MS VC++ 17.1 (VS2022)

END.
