2025-12-04 12:42:42 INFO  :455 - Start Entering...
2025-12-04 12:42:42 INFO  :457 - //input[@id='txtLoginName']: Input Data : (sakti)
2025-12-04 12:42:43 INFO  :463 - End Entering...
2025-12-04 12:42:43 INFO  :455 - Start Entering...
2025-12-04 12:42:43 INFO  :457 - //input[@id='txtPassword']: Input Data : (Anup@123)
2025-12-04 12:42:44 INFO  :463 - End Entering...
2025-12-04 12:42:44 INFO  :419 - Start Clicking on (Login Button)
2025-12-04 12:42:45 INFO  :424 - ( //input[@id='btnLogin'] )
2025-12-04 12:42:45 INFO  :426 - Clicked on (Login Button)
2025-12-04 12:42:45 INFO  :419 - Start Clicking on (Login Yes)
2025-12-04 12:42:47 INFO  :424 - ( //a[@id='btnYesAlreadyLogedinPopup'] )
2025-12-04 12:42:47 INFO  :426 - Clicked on (Login Yes)
2025-12-04 12:42:52 INFO  :360 - Clicked on (FO_Dashboard)
2025-12-04 12:42:56 INFO  :360 - Clicked on (Yes Popup)
2025-12-04 12:42:57 INFO  :360 - Clicked on (AddPatient)
2025-12-04 12:43:01 INFO  :360 - Clicked on (PatientRegistration)
2025-12-04 12:43:09 INFO  :360 - Clicked on (Age Radio Button)
2025-12-04 12:43:30 INFO  :360 - Clicked on (Scheme Dropdown)
2025-12-04 12:43:34 INFO  :360 - Clicked on (SaveRegistration)
2025-12-04 12:43:35 INFO  :360 - Clicked on (Close Duplicate Popup)
2025-12-04 12:43:37 INFO  :360 - Clicked on (Yes Confirm Patient Details Popup)
2025-12-04 12:43:38 INFO  :360 - Clicked on (No Billing Page)
2025-12-04 12:43:39 INFO  :360 - Clicked on (Click On Side Meanu Bar Icon)
2025-12-04 12:43:41 INFO  :360 - Clicked on (BillingMenu)
2025-12-04 12:43:44 INFO  :360 - Clicked on (BillingMenu)
2025-12-04 12:43:48 INFO  :360 - Clicked on (Company Details Popup Close Btn)
2025-12-04 12:43:53 INFO  :360 - Clicked on (Dr. Himanshu Sharma)
2025-12-04 12:43:55 INFO  :360 - Clicked on (Close Schemes For Patient Popup Btn)
2025-12-04 12:43:56 INFO  :360 - Clicked on (Click On Visit Icon Button)
2025-12-04 12:44:02 INFO  :360 - Clicked on (Laxmi Halder)
