2025-12-24 12:41:01 INFO  :455 - Start Entering...
2025-12-24 12:41:01 INFO  :457 - //input[@id='txtLoginName']: Input Data : (sakti)
2025-12-24 12:41:02 INFO  :463 - End Entering...
2025-12-24 12:41:02 INFO  :455 - Start Entering...
2025-12-24 12:41:02 INFO  :457 - //input[@id='txtPassword']: Input Data : (Anup@123)
2025-12-24 12:41:03 INFO  :463 - End Entering...
2025-12-24 12:41:03 INFO  :419 - Start Clicking on (Login Button)
2025-12-24 12:41:04 INFO  :424 - ( //input[@id='btnLogin'] )
2025-12-24 12:41:04 INFO  :426 - Clicked on (Login Button)
2025-12-24 12:41:04 INFO  :419 - Start Clicking on (Login Yes)
2025-12-24 12:41:05 INFO  :424 - ( //a[@id='btnYesAlreadyLogedinPopup'] )
2025-12-24 12:41:05 INFO  :426 - Clicked on (Login Yes)
2025-12-24 12:41:10 INFO  :360 - Clicked on (Front Office Dashboard)
2025-12-24 12:41:15 INFO  :360 - Clicked on (Yes Popup Mark Patient Deceased)
2025-12-24 12:41:16 INFO  :360 - Clicked on (Add Doctor Schedule)
2025-12-24 12:41:19 INFO  :360 - Clicked on (Generate Schedule Page)
2025-12-24 12:41:20 INFO  :360 - Clicked on (Generate Equipment Schedule)
2025-12-24 12:41:29 INFO  :360 - Clicked on (Click On Plush Icon)
2025-12-24 12:41:41 INFO  :360 - Clicked on (All Days Check Box Click)
2025-12-24 12:41:42 INFO  :360 - Clicked on (Click On Sitting 1 Ok Button)
2025-12-24 12:42:29 INFO  :360 - Clicked on (Click On Equiment Mapping Save Icon )
2025-12-24 12:42:30 INFO  :360 - Clicked on (Yes Popup)
