2025-11-27 11:27:11 INFO  :455 - Start Entering...
2025-11-27 11:27:11 INFO  :457 - //input[@id='txtLoginName']: Input Data : (sakti)
2025-11-27 11:27:12 INFO  :463 - End Entering...
2025-11-27 11:27:12 INFO  :455 - Start Entering...
2025-11-27 11:27:12 INFO  :457 - //input[@id='txtPassword']: Input Data : (Sakti@123)
2025-11-27 11:27:13 INFO  :463 - End Entering...
2025-11-27 11:27:13 INFO  :419 - Start Clicking on (Login Button)
2025-11-27 11:27:14 INFO  :424 - ( //input[@id='btnLogin'] )
2025-11-27 11:27:14 INFO  :426 - Clicked on (Login Button)
2025-11-27 11:27:14 INFO  :419 - Start Clicking on (Login Yes)
2025-11-27 11:27:15 INFO  :424 - ( //a[@id='btnYesAlreadyLogedinPopup'] )
2025-11-27 11:27:15 INFO  :426 - Clicked on (Login Yes)
2025-11-27 11:27:20 INFO  :360 - Clicked on (FO_Dashboard)
2025-11-27 11:27:25 INFO  :360 - Clicked on (Yes Popup)
2025-11-27 11:27:26 INFO  :360 - Clicked on (AddPatient)
2025-11-27 11:27:30 INFO  :360 - Clicked on (PatientRegistration)
2025-11-27 11:27:43 INFO  :360 - Clicked on (Age Radio Button)
2025-11-27 11:28:15 INFO  :360 - Clicked on (SaveRegistration)
2025-11-27 11:28:16 INFO  :360 - Clicked on (Close Duplicate Popup)
2025-11-27 11:28:18 INFO  :360 - Clicked on (Yes Confirm Patient Details Popup)
2025-11-27 11:28:20 INFO  :360 - Clicked on (Skip General Consent Button)
2025-11-27 11:28:23 INFO  :360 - Clicked on (NoBillingPage)
