2026-01-17 00:40:57 INFO  :455 - Start Entering...
2026-01-17 00:40:57 INFO  :457 - //input[@id='txtLoginName']: Input Data : (sakti)
2026-01-17 00:40:58 INFO  :463 - End Entering...
2026-01-17 00:40:58 INFO  :455 - Start Entering...
2026-01-17 00:40:58 INFO  :457 - //input[@id='txtPassword']: Input Data : (Admin@123)
2026-01-17 00:40:59 INFO  :463 - End Entering...
2026-01-17 00:40:59 INFO  :419 - Start Clicking on (Login Button)
2026-01-17 00:41:00 INFO  :424 - ( //input[@id='btnLogin'] )
2026-01-17 00:41:00 INFO  :426 - Clicked on (Login Button)
2026-01-17 00:41:00 INFO  :419 - Start Clicking on (Login Yes)
2026-01-17 00:41:01 INFO  :424 - ( //a[@id='btnYesAlreadyLogedinPopup'] )
2026-01-17 00:41:01 INFO  :426 - Clicked on (Login Yes)
2026-01-17 00:41:06 INFO  :360 - Clicked on (Front Office Dashboard)
2026-01-17 00:41:11 INFO  :360 - Clicked on (Yes Popup Mark Patient Deceased)
2026-01-17 00:41:13 INFO  :360 - Clicked on (Add Doctor Schedule)
2026-01-17 00:41:15 INFO  :360 - Clicked on (BlockS Schedule Page)
2026-01-17 00:41:16 INFO  :360 - Clicked on (Block Schedule Icon)
2026-01-17 00:41:22 INFO  :360 - Clicked on (Click on Plus Icon Button to add Block Schedule)
2026-01-17 00:41:27 INFO  :360 - Clicked on (Monday_Checkbox)
2026-01-17 00:41:29 INFO  :360 - Clicked on (07:00)
2026-01-17 00:41:33 INFO  :360 - Clicked on (Tuesday_Checkbox)
2026-01-17 00:41:39 INFO  :360 - Clicked on (Wednesday_Checkbox)
