2026-01-28 17:36:43 INFO  :457 - Start Entering...
2026-01-28 17:36:43 INFO  :459 - //input[@id='txtLoginName']: Input Data : (sakti)
2026-01-28 17:36:43 INFO  :465 - End Entering...
2026-01-28 17:36:44 INFO  :457 - Start Entering...
2026-01-28 17:36:44 INFO  :459 - //input[@id='txtPassword']: Input Data : (Admin@123)
2026-01-28 17:36:45 INFO  :465 - End Entering...
2026-01-28 17:36:45 INFO  :421 - Start Clicking on (Login Button)
2026-01-28 17:36:46 INFO  :426 - ( //input[@id='btnLogin'] )
2026-01-28 17:36:46 INFO  :428 - Clicked on (Login Button)
2026-01-28 17:36:46 INFO  :421 - Start Clicking on (Login Yes)
2026-01-28 17:36:47 INFO  :426 - ( //a[@id='btnYesAlreadyLogedinPopup'] )
2026-01-28 17:36:47 INFO  :428 - Clicked on (Login Yes)
2026-01-28 17:36:52 INFO  :362 - Clicked on (Click On IP Billing DashBorad)
2026-01-28 17:36:59 INFO  :362 - Clicked on (Station Yes Popup)
2026-01-28 17:37:01 INFO  :362 - Clicked on (Click On Ip Billing Meanu)
2026-01-28 17:37:02 INFO  :362 - Clicked on (Click On Ip Billing Drp)
2026-01-28 17:37:05 INFO  :362 - Clicked on (Audit Clearance Dashboard Page)
2026-01-28 17:37:11 INFO  :362 - Clicked on (Serach Icon)
2026-01-28 17:37:18 INFO  :362 - Clicked on (Click On Save Audit Remarks)
2026-01-28 17:37:29 INFO  :362 - Clicked on (Serach Icon)
2026-01-28 17:37:30 INFO  :362 - Clicked on (save Clearance Icon)
2026-01-28 17:37:31 INFO  :362 - Clicked on (Ok Enter Reason Save Clearance )
