2025-12-04 12:45:55 INFO  :455 - Start Entering...
2025-12-04 12:45:55 INFO  :457 - //input[@id='txtLoginName']: Input Data : (sakti)
2025-12-04 12:45:56 INFO  :463 - End Entering...
2025-12-04 12:45:56 INFO  :455 - Start Entering...
2025-12-04 12:45:56 INFO  :457 - //input[@id='txtPassword']: Input Data : (Anup@123)
2025-12-04 12:45:57 INFO  :463 - End Entering...
2025-12-04 12:45:57 INFO  :419 - Start Clicking on (Login Button)
2025-12-04 12:45:58 INFO  :424 - ( //input[@id='btnLogin'] )
2025-12-04 12:45:58 INFO  :426 - Clicked on (Login Button)
2025-12-04 12:45:58 INFO  :419 - Start Clicking on (Login Yes)
2025-12-04 12:45:59 INFO  :424 - ( //a[@id='btnYesAlreadyLogedinPopup'] )
2025-12-04 12:45:59 INFO  :426 - Clicked on (Login Yes)
2025-12-04 12:46:03 INFO  :360 - Clicked on (FO_Dashboard)
2025-12-04 12:46:08 INFO  :360 - Clicked on (Yes Popup)
2025-12-04 12:46:09 INFO  :360 - Clicked on (AddPatient)
2025-12-04 12:46:13 INFO  :360 - Clicked on (PatientRegistration)
2025-12-04 12:46:21 INFO  :360 - Clicked on (Age Radio Button)
2025-12-04 12:46:42 INFO  :360 - Clicked on (Scheme Dropdown)
2025-12-04 12:46:46 INFO  :360 - Clicked on (SaveRegistration)
2025-12-04 12:46:47 INFO  :360 - Clicked on (Close Duplicate Popup)
2025-12-04 12:46:48 INFO  :360 - Clicked on (Yes Confirm Patient Details Popup)
2025-12-04 12:46:50 INFO  :360 - Clicked on (No Billing Page)
2025-12-04 12:46:51 INFO  :360 - Clicked on (Click On Side Meanu Bar Icon)
2025-12-04 12:46:53 INFO  :360 - Clicked on (BillingMenu)
2025-12-04 12:46:56 INFO  :360 - Clicked on (BillingMenu)
2025-12-04 12:47:00 INFO  :360 - Clicked on (Company Details Popup Close Btn)
2025-12-04 12:47:06 INFO  :360 - Clicked on (Dr. Himanshu Sharma)
2025-12-04 12:47:07 INFO  :360 - Clicked on (Close Schemes For Patient Popup Btn)
2025-12-04 12:47:08 INFO  :360 - Clicked on (Click On Visit Icon Button)
2025-12-04 12:47:14 INFO  :360 - Clicked on (Laxmi Halder)
2025-12-04 12:47:18 INFO  :360 - Clicked on (Click On Diagnostics Button)
2025-12-04 12:47:21 INFO  :360 - Clicked on (Click One Test)
2025-12-04 12:47:29 INFO  :360 - Clicked on (Click On Manual Btn)
2025-12-04 12:47:39 INFO  :360 - Clicked on (Verify Button)
2025-12-04 12:47:44 INFO  :360 - Clicked on (Click On Add To Bill Button)
2025-12-04 12:47:48 INFO  :360 - Clicked on (Click Bill Icon)
2025-12-04 12:47:50 INFO  :360 - Clicked on (Yes Popup Bill Genrate)
2025-12-04 12:47:51 INFO  :360 - Clicked on (Save Process Payment Popup)
2025-12-04 12:47:52 INFO  :360 - Clicked on (Generate Bill Number)
