2026-01-28 17:47:17 INFO  :457 - Start Entering...
2026-01-28 17:47:17 INFO  :459 - //input[@id='txtLoginName']: Input Data : (sakti)
2026-01-28 17:47:18 INFO  :465 - End Entering...
2026-01-28 17:47:18 INFO  :457 - Start Entering...
2026-01-28 17:47:18 INFO  :459 - //input[@id='txtPassword']: Input Data : (Admin@123)
2026-01-28 17:47:19 INFO  :465 - End Entering...
2026-01-28 17:47:19 INFO  :421 - Start Clicking on (Login Button)
2026-01-28 17:47:20 INFO  :426 - ( //input[@id='btnLogin'] )
2026-01-28 17:47:20 INFO  :428 - Clicked on (Login Button)
2026-01-28 17:47:20 INFO  :421 - Start Clicking on (Login Yes)
2026-01-28 17:47:21 INFO  :426 - ( //a[@id='btnYesAlreadyLogedinPopup'] )
2026-01-28 17:47:21 INFO  :428 - Clicked on (Login Yes)
2026-01-28 17:47:26 INFO  :362 - Clicked on (Click On IP Billing DashBorad)
2026-01-28 17:47:33 INFO  :362 - Clicked on (Station Yes Popup)
2026-01-28 17:47:34 INFO  :362 - Clicked on (Click On Ip Billing Meanu)
2026-01-28 17:47:36 INFO  :362 - Clicked on (Click On Ip Billing Drp)
2026-01-28 17:47:39 INFO  :362 - Clicked on (Audit Clearance Dashboard Page)
2026-01-28 17:47:44 INFO  :362 - Clicked on (Serach Icon)
2026-01-28 17:47:52 INFO  :362 - Clicked on (Click On Save Audit Remarks)
2026-01-28 17:48:02 INFO  :362 - Clicked on (Serach Icon)
2026-01-28 17:48:04 INFO  :362 - Clicked on (save Clearance Icon)
2026-01-28 17:48:05 INFO  :362 - Clicked on (Ok Enter Reason Save Clearance )
2026-01-28 17:48:32 INFO  :362 - Clicked on (Serach Icon)
