2026-01-07 18:58:39 INFO  :455 - Start Entering...
2026-01-07 18:58:39 INFO  :457 - //input[@id='txtLoginName']: Input Data : (sakti)
2026-01-07 18:58:40 INFO  :463 - End Entering...
2026-01-07 18:58:41 INFO  :455 - Start Entering...
2026-01-07 18:58:41 INFO  :457 - //input[@id='txtPassword']: Input Data : (Admin@123)
2026-01-07 18:58:42 INFO  :463 - End Entering...
2026-01-07 18:58:42 INFO  :419 - Start Clicking on (Login Button)
2026-01-07 18:58:42 INFO  :424 - ( //input[@id='btnLogin'] )
2026-01-07 18:58:42 INFO  :426 - Clicked on (Login Button)
2026-01-07 18:58:42 INFO  :419 - Start Clicking on (Login Yes)
2026-01-07 18:58:44 INFO  :424 - ( //a[@id='btnYesAlreadyLogedinPopup'] )
2026-01-07 18:58:44 INFO  :426 - Clicked on (Login Yes)
2026-01-07 18:58:50 INFO  :360 - Clicked on (Click On Front Office Dashbord)
2026-01-07 18:58:55 INFO  :360 - Clicked on (Click On Yes Popup)
2026-01-07 18:58:56 INFO  :360 - Clicked on (Click On Add Patient Menu)
2026-01-07 18:59:00 INFO  :360 - Clicked on (Click On Op Patient Radio Button)
2026-01-07 18:59:03 INFO  :360 - Clicked on (Click On Visit Wise Radio Button)
2026-01-07 18:59:05 INFO  :360 - Clicked on (Click On Assign Doctot Tab Grid)
2026-01-07 18:59:06 INFO  :360 - Clicked on (OP Bills Generate PDf)
2026-01-07 18:59:08 INFO  :360 - Clicked on (OP Generate Pdf Precription)
2026-01-07 18:59:12 INFO  :360 - Clicked on (Op Pharmacy Generate Pdf )
2026-01-07 18:59:13 INFO  :360 - Clicked on (Op Clame Report Generate Pdf)
2026-01-07 18:59:14 INFO  :360 - Clicked on (Close popup Clame Report Bez No Data )
2026-01-07 18:59:17 INFO  :360 - Clicked on (Merge And Make Single Docket Btn)
2026-01-07 18:59:19 INFO  :360 - Clicked on (Ip Radio Button)
2026-01-07 18:59:23 INFO  :360 - Clicked on (Click On Doctor Assign Table)
2026-01-07 18:59:27 INFO  :360 - Clicked on (Ip Bills Generate Pdf)
2026-01-07 18:59:29 INFO  :360 - Clicked on (IP Discharge Summary Generate Pdf)
2026-01-07 18:59:30 INFO  :360 - Clicked on (Merge Single Pdf File Button)
