2026-02-05 22:59:27 INFO  :457 - Start Entering...
2026-02-05 22:59:27 INFO  :459 - //input[@id='txtLoginName']: Input Data : (sakti)
2026-02-05 22:59:28 INFO  :465 - End Entering...
2026-02-05 22:59:29 INFO  :457 - Start Entering...
2026-02-05 22:59:29 INFO  :459 - //input[@id='txtPassword']: Input Data : (Admin@123)
2026-02-05 22:59:30 INFO  :465 - End Entering...
2026-02-05 22:59:30 INFO  :421 - Start Clicking on (Login Button)
2026-02-05 22:59:32 INFO  :426 - ( //input[@id='btnLogin'] )
2026-02-05 22:59:32 INFO  :428 - Clicked on (Login Button)
2026-02-05 22:59:32 INFO  :421 - Start Clicking on (Login Yes)
2026-02-05 22:59:33 INFO  :426 - ( //a[@id='btnYesAlreadyLogedinPopup'] )
2026-02-05 22:59:33 INFO  :428 - Clicked on (Login Yes)
2026-02-05 22:59:41 INFO  :362 - Clicked on (Clicked on The ADT Module Button)
2026-02-05 22:59:47 INFO  :2022 - Clicked (JS) on (Clicked on The Select Station Yes Button)
2026-02-05 22:59:48 INFO  :2022 - Clicked (JS) on (Clicked On The Admit Patient Link)
2026-02-05 22:59:57 INFO  :2022 - Clicked (JS) on (Clicked on The Admit Patient)
2026-02-05 23:00:23 INFO  :362 - Clicked on (Click on The Consultant)
2026-02-05 23:00:44 INFO  :362 - Clicked on (Click on The Vulnerable CheckBox)
2026-02-05 23:00:45 INFO  :362 - Clicked on (Clicked on The Bed and Payments Details)
2026-02-05 23:00:53 INFO  :362 - Clicked on (Clicked on The NextofKinDetails)
2026-02-05 23:01:12 INFO  :362 - Clicked on (Click on The Save Button)
2026-02-05 23:01:15 INFO  :362 - Clicked on (Click on The Save Button1)
2026-02-05 23:01:17 INFO  :362 - Clicked on (Close GCD Screen Pop)
2026-02-05 23:01:20 INFO  :362 - Clicked on (Radio Button Face Sheet)
2026-02-05 23:01:24 INFO  :362 - Clicked on (Click On Print Icon)
2026-02-05 23:01:27 INFO  :362 - Clicked on (Click On HIS Log Icon)
2026-02-05 23:01:33 INFO  :362 - Clicked on (Click On Nursing DashBorad)
2026-02-05 23:01:39 INFO  :362 - Clicked on (Station Yes Popup)
2026-02-05 23:01:41 INFO  :362 - Clicked on (Nursing Activity Tab)
2026-02-05 23:01:53 INFO  :362 - Clicked on (Nursing activity Page)
2026-02-05 23:01:59 INFO  :362 - Clicked on (Save Change Bed Status Pop )
2026-02-05 23:02:09 INFO  :362 - Clicked on (Yes Pop)
