2026-03-16 16:30:32 INFO  :458 - Start Entering...
2026-03-16 16:30:32 INFO  :460 - //input[@id='txtLoginName']: Input Data : (sakti)
2026-03-16 16:30:33 INFO  :466 - End Entering...
2026-03-16 16:30:33 INFO  :458 - Start Entering...
2026-03-16 16:30:33 INFO  :460 - //input[@id='txtPassword']: Input Data : (Admin@123)
2026-03-16 16:30:34 INFO  :466 - End Entering...
2026-03-16 16:30:34 INFO  :422 - Start Clicking on (Login Button)
2026-03-16 16:30:35 INFO  :427 - ( //input[@id='btnLogin'] )
2026-03-16 16:30:35 INFO  :429 - Clicked on (Login Button)
2026-03-16 16:30:35 INFO  :422 - Start Clicking on (Login Yes)
2026-03-16 16:30:37 INFO  :427 - ( //a[@id='btnYesAlreadyLogedinPopup'] )
2026-03-16 16:30:37 INFO  :429 - Clicked on (Login Yes)
2026-03-16 16:30:41 INFO  :363 - Clicked on (Click On IP Billing DashBorad)
2026-03-16 16:30:47 INFO  :363 - Clicked on (Station Yes Popup)
2026-03-16 16:30:49 INFO  :363 - Clicked on (Click On Ip Billing Meanu)
2026-03-16 16:30:50 INFO  :363 - Clicked on (Click On Ip Billing Drp)
2026-03-16 16:30:54 INFO  :363 - Clicked on (Ip Billing Page)
2026-03-16 16:30:59 INFO  :363 - Clicked on (Ok Deposit pop)
2026-03-16 16:31:01 INFO  :363 - Clicked on (Click On Discount Btn)
2026-03-16 16:31:03 INFO  :363 - Clicked on (Scheme Check Box Un_Select)
2026-03-16 16:31:04 INFO  :363 - Clicked on (Click Radio Btn Total Bill Discount)
2026-03-16 16:31:18 INFO  :363 - Clicked on (Click On Calculate Discount Btn)
2026-03-16 16:31:30 INFO  :363 - Clicked on (Save Discount On Total Bill Amount)
