2026-01-31 11:45:58 INFO  :457 - Start Entering...
2026-01-31 11:45:58 INFO  :459 - //input[@id='txtLoginName']: Input Data : (sakti)
2026-01-31 11:45:59 INFO  :465 - End Entering...
2026-01-31 11:45:59 INFO  :457 - Start Entering...
2026-01-31 11:45:59 INFO  :459 - //input[@id='txtPassword']: Input Data : (Admin@123)
2026-01-31 11:46:00 INFO  :465 - End Entering...
2026-01-31 11:46:00 INFO  :421 - Start Clicking on (Login Button)
2026-01-31 11:46:01 INFO  :426 - ( //input[@id='btnLogin'] )
2026-01-31 11:46:01 INFO  :428 - Clicked on (Login Button)
2026-01-31 11:46:01 INFO  :421 - Start Clicking on (Login Yes)
2026-01-31 11:46:03 INFO  :426 - ( //a[@id='btnYesAlreadyLogedinPopup'] )
2026-01-31 11:46:03 INFO  :428 - Clicked on (Login Yes)
2026-01-31 11:46:10 INFO  :362 - Clicked on (Click On IP Billing DashBorad)
2026-01-31 11:46:17 INFO  :362 - Clicked on (Station Yes Popup)
2026-01-31 11:46:18 INFO  :362 - Clicked on (Click On Ip Billing Meanu)
2026-01-31 11:46:20 INFO  :362 - Clicked on (Click On Ip Billing Drp)
2026-01-31 11:46:23 INFO  :362 - Clicked on (Miscellanceous Charrges Page)
2026-01-31 11:46:24 INFO  :362 - Clicked on (Click On Serach Icon Find Patient)
2026-01-31 11:46:26 INFO  :362 - Clicked on (Current_In_Patents Radio Btn)
2026-01-31 11:46:27 INFO  :362 - Clicked on (Check Box All Wards)
2026-01-31 11:46:28 INFO  :362 - Clicked on (Admission Discharge Check Box)
2026-01-31 11:46:34 INFO  :362 - Clicked on (Check Box VIP)
2026-01-31 11:46:35 INFO  :362 - Clicked on (Check Box Remarks)
2026-01-31 11:46:38 INFO  :362 - Clicked on (Serach In Mobile NO Patient)
2026-01-31 11:46:40 INFO  :362 - Clicked on (Serach In Name Patient)
