2026-02-05 22:27:06 INFO  :457 - Start Entering...
2026-02-05 22:27:06 INFO  :459 - //input[@id='txtLoginName']: Input Data : (sakti)
2026-02-05 22:27:07 INFO  :465 - End Entering...
2026-02-05 22:27:08 INFO  :457 - Start Entering...
2026-02-05 22:27:08 INFO  :459 - //input[@id='txtPassword']: Input Data : (Admin@123)
2026-02-05 22:27:09 INFO  :465 - End Entering...
2026-02-05 22:27:09 INFO  :421 - Start Clicking on (Login Button)
2026-02-05 22:27:09 INFO  :426 - ( //input[@id='btnLogin'] )
2026-02-05 22:27:09 INFO  :428 - Clicked on (Login Button)
2026-02-05 22:27:09 INFO  :421 - Start Clicking on (Login Yes)
2026-02-05 22:27:11 INFO  :426 - ( //a[@id='btnYesAlreadyLogedinPopup'] )
2026-02-05 22:27:11 INFO  :428 - Clicked on (Login Yes)
2026-02-05 22:27:18 INFO  :362 - Clicked on (Click On IP Billing DashBorad)
2026-02-05 22:27:26 INFO  :362 - Clicked on (Station Yes Popup)
2026-02-05 22:27:28 INFO  :362 - Clicked on (Click On Ip Billing Meanu)
2026-02-05 22:27:29 INFO  :362 - Clicked on (Click On Ip Billing Drp)
2026-02-05 22:27:32 INFO  :362 - Clicked on (Doctor Visit Ip Billing)
2026-02-05 22:27:33 INFO  :362 - Clicked on (Search patient Icon)
2026-02-05 22:27:34 INFO  :362 - Clicked on (Radio Btn Current In Patient )
2026-02-05 22:27:36 INFO  :362 - Clicked on (All Wards Check Box Click)
2026-02-05 22:27:37 INFO  :362 - Clicked on (Click On Search Icon in Find Patient)
2026-02-05 22:27:51 INFO  :362 - Clicked on (Click On Table In Serchig Patint)
2026-02-05 22:27:59 INFO  :362 - Clicked on (Click On Refresh Page)
2026-02-05 22:28:03 INFO  :362 - Clicked on (Search patient Icon)
2026-02-05 22:28:04 INFO  :362 - Clicked on (Click On Discharged Patient Radio Button)
2026-02-05 22:28:06 INFO  :362 - Clicked on (Click Admission Discharge Check box)
2026-02-05 22:28:12 INFO  :362 - Clicked on (Click On Search Icon in Find Patient)
2026-02-05 22:28:14 INFO  :362 - Clicked on (Click On Discharged Patint In First Table)
2026-02-05 22:28:21 INFO  :362 - Clicked on (Click On Refresh Page)
2026-02-05 22:28:31 INFO  :362 - Clicked on (Radio Btn Click On Chargable Visit)
2026-02-05 22:28:32 INFO  :362 - Clicked on (Normal Visit Radio Button)
2026-02-05 22:28:46 INFO  :362 - Clicked on ( Click Save Icon)
2026-02-05 22:28:56 INFO  :362 - Clicked on (Click On Refresh Page)
2026-02-05 22:29:11 INFO  :362 - Clicked on (Click On Search Vist Doctor Icon)
2026-02-05 22:29:13 INFO  :362 - Clicked on (Click Select Check Box)
2026-02-05 22:29:15 INFO  :362 - Clicked on (Click On Delete Btn)
2026-02-05 22:29:16 INFO  :362 - Clicked on (Yes Pop)
