2026-02-05 23:05:11 INFO  :457 - Start Entering...
2026-02-05 23:05:11 INFO  :459 - //input[@id='txtLoginName']: Input Data : (sakti)
2026-02-05 23:05:12 INFO  :465 - End Entering...
2026-02-05 23:05:13 INFO  :457 - Start Entering...
2026-02-05 23:05:13 INFO  :459 - //input[@id='txtPassword']: Input Data : (Admin@123)
2026-02-05 23:05:13 INFO  :465 - End Entering...
2026-02-05 23:05:13 INFO  :421 - Start Clicking on (Login Button)
2026-02-05 23:05:14 INFO  :426 - ( //input[@id='btnLogin'] )
2026-02-05 23:05:14 INFO  :428 - Clicked on (Login Button)
2026-02-05 23:05:14 INFO  :421 - Start Clicking on (Login Yes)
2026-02-05 23:05:17 INFO  :426 - ( //a[@id='btnYesAlreadyLogedinPopup'] )
2026-02-05 23:05:17 INFO  :428 - Clicked on (Login Yes)
2026-02-05 23:05:21 INFO  :362 - Clicked on (Click On IP Billing DashBorad)
2026-02-05 23:05:31 INFO  :362 - Clicked on (Station Yes Popup)
2026-02-05 23:05:32 INFO  :362 - Clicked on (Click On Ip Billing Meanu)
2026-02-05 23:05:33 INFO  :362 - Clicked on (Click On Ip Billing Drp)
2026-02-05 23:05:42 INFO  :362 - Clicked on (General Order Entry Page)
2026-02-05 23:05:46 INFO  :362 - Clicked on (Check Box Procedure)
2026-02-05 23:05:55 INFO  :362 - Clicked on (Click On Procedur Name In Table)
2026-02-05 23:06:03 INFO  :362 - Clicked on (Save Btton)
2026-02-05 23:06:04 INFO  :362 - Clicked on (Save Yes Popup)
2026-02-05 23:06:10 INFO  :362 - Clicked on (Refresh Icon)
2026-02-05 23:06:19 INFO  :362 - Clicked on (Click On Serach Date In Order Number)
2026-02-05 23:06:26 INFO  :362 - Clicked on (Click On No of Procedures In Table)
2026-02-05 23:06:27 INFO  :362 - Clicked on (Print Icon Test)
2026-02-05 23:06:31 INFO  :362 - Clicked on (Click Check Box)
2026-02-05 23:06:33 INFO  :362 - Clicked on (Delete Funcility Test)
2026-02-05 23:06:43 INFO  :362 - Clicked on (Find Patient In Search Icon)
2026-02-05 23:06:44 INFO  :362 - Clicked on (Current_In_Patents Radio Btn)
2026-02-05 23:06:45 INFO  :362 - Clicked on (Check Box All Wards)
2026-02-05 23:06:46 INFO  :362 - Clicked on (Admission Discharge Check Box)
2026-02-05 23:06:53 INFO  :362 - Clicked on (Click On Serch Icon)
2026-02-05 23:06:55 INFO  :362 - Clicked on (Click On Search Patient Table)
2026-02-05 23:06:58 INFO  :362 - Clicked on (Click On Refresh Page)
2026-02-05 23:06:59 INFO  :362 - Clicked on (Find Patient In Search Icon)
2026-02-05 23:07:00 INFO  :362 - Clicked on (Radio Button Discharged Patients)
2026-02-05 23:07:02 INFO  :362 - Clicked on (Admission Discharge Check Box)
2026-02-05 23:07:08 INFO  :362 - Clicked on (Click On Serch Icon)
2026-02-05 23:07:09 INFO  :362 - Clicked on (Pick on Table discharge patient)
