2026-01-28 17:32:00 INFO  :457 - Start Entering...
2026-01-28 17:32:00 INFO  :459 - //input[@id='txtLoginName']: Input Data : (sakti)
2026-01-28 17:32:01 INFO  :465 - End Entering...
2026-01-28 17:32:01 INFO  :457 - Start Entering...
2026-01-28 17:32:01 INFO  :459 - //input[@id='txtPassword']: Input Data : (Admin@123)
2026-01-28 17:32:02 INFO  :465 - End Entering...
2026-01-28 17:32:02 INFO  :421 - Start Clicking on (Login Button)
2026-01-28 17:32:02 INFO  :426 - ( //input[@id='btnLogin'] )
2026-01-28 17:32:02 INFO  :428 - Clicked on (Login Button)
2026-01-28 17:32:02 INFO  :421 - Start Clicking on (Login Yes)
2026-01-28 17:32:04 INFO  :426 - ( //a[@id='btnYesAlreadyLogedinPopup'] )
2026-01-28 17:32:04 INFO  :428 - Clicked on (Login Yes)
2026-01-28 17:32:09 INFO  :362 - Clicked on (Click On IP Billing DashBorad)
2026-01-28 17:32:16 INFO  :362 - Clicked on (Station Yes Popup)
2026-01-28 17:32:17 INFO  :362 - Clicked on (Click On Ip Billing Meanu)
2026-01-28 17:32:19 INFO  :362 - Clicked on (Click On Ip Billing Drp)
2026-01-28 17:32:22 INFO  :362 - Clicked on (Audit Clearance Dashboard Page)
2026-01-28 17:32:27 INFO  :362 - Clicked on (Serach Icon)
2026-01-28 17:32:37 INFO  :362 - Clicked on (Click On Save Audit Remarks)
2026-01-28 17:32:47 INFO  :362 - Clicked on (Serach Icon)
2026-01-28 17:32:48 INFO  :362 - Clicked on (save Clearance Icon)
2026-01-28 17:32:49 INFO  :362 - Clicked on (Ok Enter Reason Save Clearance )
