2026-01-28 17:39:14 INFO  :457 - Start Entering...
2026-01-28 17:39:14 INFO  :459 - //input[@id='txtLoginName']: Input Data : (sakti)
2026-01-28 17:39:15 INFO  :465 - End Entering...
2026-01-28 17:39:15 INFO  :457 - Start Entering...
2026-01-28 17:39:15 INFO  :459 - //input[@id='txtPassword']: Input Data : (Admin@123)
2026-01-28 17:39:16 INFO  :465 - End Entering...
2026-01-28 17:39:16 INFO  :421 - Start Clicking on (Login Button)
2026-01-28 17:39:17 INFO  :426 - ( //input[@id='btnLogin'] )
2026-01-28 17:39:17 INFO  :428 - Clicked on (Login Button)
2026-01-28 17:39:17 INFO  :421 - Start Clicking on (Login Yes)
2026-01-28 17:39:18 INFO  :426 - ( //a[@id='btnYesAlreadyLogedinPopup'] )
2026-01-28 17:39:18 INFO  :428 - Clicked on (Login Yes)
2026-01-28 17:39:23 INFO  :362 - Clicked on (Click On IP Billing DashBorad)
2026-01-28 17:39:30 INFO  :362 - Clicked on (Station Yes Popup)
2026-01-28 17:39:32 INFO  :362 - Clicked on (Click On Ip Billing Meanu)
2026-01-28 17:39:33 INFO  :362 - Clicked on (Click On Ip Billing Drp)
2026-01-28 17:39:36 INFO  :362 - Clicked on (Audit Clearance Dashboard Page)
2026-01-28 17:39:42 INFO  :362 - Clicked on (Serach Icon)
2026-01-28 17:39:49 INFO  :362 - Clicked on (Click On Save Audit Remarks)
2026-01-28 17:40:00 INFO  :362 - Clicked on (Serach Icon)
2026-01-28 17:40:01 INFO  :362 - Clicked on (save Clearance Icon)
2026-01-28 17:40:02 INFO  :362 - Clicked on (Ok Enter Reason Save Clearance )
